{"name": "test_design_properties_default_value", "status": "broken", "statusDetails": {"message": "selenium.common.exceptions.NoSuchElementException: Message: no such element: Unable to locate element: {\"method\":\"xpath\",\"selector\":\"//*[@class=\"workbench-overlay-content\"]\"}\n  (Session info: chrome=145.0.7632.117); For documentation on this error, please visit: https://www.selenium.dev/documentation/webdriver/troubleshooting/errors#no-such-element-exception\nStacktrace:\nSymbols not available. Dumping unresolved backtrace:\n\t0x7ff711b6aa55\n\t0x7ff7118c8630\n\t0x7ff71165d75d\n\t0x7ff7116b862e\n\t0x7ff7116b893c\n\t0x7ff711708d87\n\t0x7ff71170591c\n\t0x7ff7116a9098\n\t0x7ff7116a9f83\n\t0x7ff711b97810\n\t0x7ff711b91afd\n\t0x7ff711bb2c1a\n\t0x7ff7118e3345\n\t0x7ff7118eb81c\n\t0x7ff7118d1924\n\t0x7ff7118d1ad6\n\t0x7ff7118b7e47\n\t0x7fff8a09259d\n\t0x7fff8c06af78", "trace": "driver = <selenium.webdriver.chrome.webdriver.WebDriver (session=\"2f701261d74a45418f5b85cf273dd143\")>\n\n    @pytest.fixture(scope=\"session\")\n    def login(driver):\n        driver.get(\"https://c2.yonyoucloud.com\")\n        driver.maximize_window()\n        # 处理隐私弹窗\n       # handle_notification_popup(driver)\n>       element = driver.find_element(By.XPATH,'//*[@class=\"workbench-overlay-content\"]')\n\nconftest.py:49: \n_ _ _ _ _ _ _ _ _ _ _ _ _ _ _ _ _ _ _ _ _ _ _ _ _ _ _ _ _ _ _ _ _ _ _ _ _ _ _ _\nC:\\Users\\caopanpan\\AppData\\Local\\Programs\\Python\\Python38\\lib\\site-packages\\selenium\\webdriver\\remote\\webdriver.py:770: in find_element\n    return self.execute(Command.FIND_ELEMENT, {\"using\": by, \"value\": value})[\"value\"]\nC:\\Users\\caopanpan\\AppData\\Local\\Programs\\Python\\Python38\\lib\\site-packages\\selenium\\webdriver\\remote\\webdriver.py:384: in execute\n    self.error_handler.check_response(response)\n_ _ _ _ _ _ _ _ _ _ _ _ _ _ _ _ _ _ _ _ _ _ _ _ _ _ _ _ _ _ _ _ _ _ _ _ _ _ _ _\n\nself = <selenium.webdriver.remote.errorhandler.ErrorHandler object at 0x0000026773FC2DC0>\nresponse = {'status': 404, 'value': '{\"value\":{\"error\":\"no such element\",\"message\":\"no such element: Unable to locate element: {\\...ff7118eb81c\\\\n\\\\t0x7ff7118d1924\\\\n\\\\t0x7ff7118d1ad6\\\\n\\\\t0x7ff7118b7e47\\\\n\\\\t0x7fff8a09259d\\\\n\\\\t0x7fff8c06af78\\\\n\"}}'}\n\n    def check_response(self, response: Dict[str, Any]) -> None:\n        \"\"\"Checks that a JSON response from the WebDriver does not have an\n        error.\n    \n        :Args:\n         - response - The JSON response from the WebDriver server as a dictionary\n           object.\n    \n        :Raises: If the response contains an error message.\n        \"\"\"\n        status = response.get(\"status\", None)\n        if not status or status == ErrorCode.SUCCESS:\n            return\n        value = None\n        message = response.get(\"message\", \"\")\n        screen: str = response.get(\"screen\", \"\")\n        stacktrace = None\n        if isinstance(status, int):\n            value_json = response.get(\"value\", None)\n            if value_json and isinstance(value_json, str):\n                import json\n    \n                try:\n                    value = json.loads(value_json)\n                    if len(value) == 1:\n                        value = value[\"value\"]\n                    status = value.get(\"error\", None)\n                    if not status:\n                        status = value.get(\"status\", ErrorCode.UNKNOWN_ERROR)\n                        message = value.get(\"value\") or value.get(\"message\")\n                        if not isinstance(message, str):\n                            value = message\n                            message = message.get(\"message\")\n                    else:\n                        message = value.get(\"message\", None)\n                except ValueError:\n                    pass\n    \n        exception_class: Type[WebDriverException]\n        e = ErrorCode()\n        error_codes = [item for item in dir(e) if not item.startswith(\"__\")]\n        for error_code in error_codes:\n            error_info = getattr(ErrorCode, error_code)\n            if isinstance(error_info, list) and status in error_info:\n                exception_class = getattr(ExceptionMapping, error_code, WebDriverException)\n                break\n        else:\n            exception_class = WebDriverException\n    \n        if not value:\n            value = response[\"value\"]\n        if isinstance(value, str):\n            raise exception_class(value)\n        if message == \"\" and \"message\" in value:\n            message = value[\"message\"]\n    \n        screen = None  # type: ignore[assignment]\n        if \"screen\" in value:\n            screen = value[\"screen\"]\n    \n        stacktrace = None\n        st_value = value.get(\"stackTrace\") or value.get(\"stacktrace\")\n        if st_value:\n            if isinstance(st_value, str):\n                stacktrace = st_value.split(\"\\n\")\n            else:\n                stacktrace = []\n                try:\n                    for frame in st_value:\n                        line = frame.get(\"lineNumber\", \"\")\n                        file = frame.get(\"fileName\", \"<anonymous>\")\n                        if line:\n                            file = f\"{file}:{line}\"\n                        meth = frame.get(\"methodName\", \"<anonymous>\")\n                        if \"className\" in frame:\n                            meth = f\"{frame['className']}.{meth}\"\n                        msg = \"    at %s (%s)\"\n                        msg = msg % (meth, file)\n                        stacktrace.append(msg)\n                except TypeError:\n                    pass\n        if exception_class == UnexpectedAlertPresentException:\n            alert_text = None\n            if \"data\" in value:\n                alert_text = value[\"data\"].get(\"text\")\n            elif \"alert\" in value:\n                alert_text = value[\"alert\"].get(\"text\")\n            raise exception_class(message, screen, stacktrace, alert_text)  # type: ignore[call-arg]  # mypy is not smart enough here\n>       raise exception_class(message, screen, stacktrace)\nE       selenium.common.exceptions.NoSuchElementException: Message: no such element: Unable to locate element: {\"method\":\"xpath\",\"selector\":\"//*[@class=\"workbench-overlay-content\"]\"}\nE         (Session info: chrome=145.0.7632.117); For documentation on this error, please visit: https://www.selenium.dev/documentation/webdriver/troubleshooting/errors#no-such-element-exception\nE       Stacktrace:\nE       Symbols not available. Dumping unresolved backtrace:\nE       \t0x7ff711b6aa55\nE       \t0x7ff7118c8630\nE       \t0x7ff71165d75d\nE       \t0x7ff7116b862e\nE       \t0x7ff7116b893c\nE       \t0x7ff711708d87\nE       \t0x7ff71170591c\nE       \t0x7ff7116a9098\nE       \t0x7ff7116a9f83\nE       \t0x7ff711b97810\nE       \t0x7ff711b91afd\nE       \t0x7ff711bb2c1a\nE       \t0x7ff7118e3345\nE       \t0x7ff7118eb81c\nE       \t0x7ff7118d1924\nE       \t0x7ff7118d1ad6\nE       \t0x7ff7118b7e47\nE       \t0x7fff8a09259d\nE       \t0x7fff8c06af78\n\nC:\\Users\\caopanpan\\AppData\\Local\\Programs\\Python\\Python38\\lib\\site-packages\\selenium\\webdriver\\remote\\errorhandler.py:232: NoSuchElementException"}, "start": 1772429326985, "stop": 1772429326985, "uuid": "7e4d1623-9393-4df8-bc13-0bbe9d980d75", "historyId": "f7b0a96feacb4404b9054cf76a7f0343", "testCaseId": "8f28abe06f4fb5bc87dc51ecb878437a", "fullName": "test_cases.test_ui.test_ui_template_list#test_design_properties_default_value", "labels": [{"name": "story", "value": "模板属性默认值检查"}, {"name": "epic", "value": "UI自动化"}, {"name": "feature", "value": "打印模板"}, {"name": "parentSuite", "value": "test_cases.test_ui"}, {"name": "suite", "value": "test_ui_template_list"}, {"name": "host", "value": "LAPTOP-AKAH6LMA"}, {"name": "thread", "value": "13020-MainThread"}, {"name": "framework", "value": "pytest"}, {"name": "language", "value": "cpython3"}, {"name": "package", "value": "test_cases.test_ui.test_ui_template_list"}]}