<?xml version="1.0" encoding="utf-8"?><testsuites><testsuite name="pytest" errors="0" failures="57" skipped="0" tests="119" time="94.524" timestamp="2026-03-26T18:14:12.076896" hostname="LAPTOP-AKAH6LMA"><testcase classname="test_cases.test_api.test_api_demo" name="test_api_demo" time="0.684" /><testcase classname="test_cases.test_api.test_print_api" name="test_pdf_compare[E:\\compare\\compare_json\\DYMB_010.zip-E:\\compare\\compare_pdf\\DYMB_010.zip-:inconsistent]" time="0.358" /><testcase classname="test_cases.test_api.test_print_api" name="test_pdf_compare[E:\\compare\\compare_json\\DYMB_017.zip-E:\\compare\\compare_pdf\\DYMB_017.zip-:consistent]" time="0.358" /><testcase classname="test_cases.test_api.test_print_api" name="test_pdf_compare[E:\\compare\\compare_json\\DYMB_003.zip-E:\\compare\\compare_pdf\\DYMB_003.zip-:consistent]" time="0.359" /><testcase classname="test_cases.test_api.test_print_api" name="test_pdf_compare[E:\\compare\\compare_json\\DYMB_018.zip-E:\\compare\\compare_pdf\\DYMB_018.zip-:inconsistent]" time="0.361" /><testcase classname="test_cases.test_api.test_print_api" name="test_pdf_compare[E:\\compare\\compare_json\\DYMB_011.zip-E:\\compare\\compare_pdf\\DYMB_011.zip-:inconsistent]" time="0.303"><failure message="Failed: Expected :inconsistent not found in result.txt">common_headers = {'Cookie': 'yht_usertoken_diwork=mVrooyOh97oh03qGGu0Zz1so%2F9EsyRYFvJ1syUFrmAOMnwZp2RhUqVjs5yWhHCExGmQq12XEvRNiopMRKzj...vs7at44x', 'accept': '*/*', 'accept-language': 'zh,zh-CN;q=0.9', 'content-type': 'application/json;charset=UTF-8', ...}
file_path = 'E:\\compare\\compare_json\\DYMB_011.zip'
originalPdf_path = 'E:\\compare\\compare_pdf\\DYMB_011.zip'
excepted_result = ':inconsistent'

    @allure.epic("API自动化")
    @allure.feature("基础接口")
    @allure.story("compare接口场景执行")
    @pytest.mark.parametrize("file_path,originalPdf_path,excepted_result",load_test_data(csv_file_path))
    @pytest.mark.api
    def test_pdf_compare(common_headers,file_path,originalPdf_path,excepted_result):
        allure.step("检查json文件是否存在")
        if not os.path.exists(file_path):
            print(f"依赖的json文件路径{file_path}不存在")
        allure.step("检查pdf文件是否存在")
        if not os.path.exists(originalPdf_path):
            print(f"对比依赖的原pdf文件路径{originalPdf_path}不存在")
        compare_url = "https://c2.yonyoucloud.com/iuap-apcom-print/iuap-print-pdf/pdf/generate/compare"
        files = {
            'file':(os.path.basename(file_path),open(file_path,'rb')),
            'originalPdf':(os.path.basename(originalPdf_path),open(originalPdf_path,'rb'))
        }
        # 文件上传接口不能带 content-type: application/json，需移除，让 requests 自动设置 multipart/form-data
        upload_headers = {k: v for k, v in common_headers.items() if k.lower() != 'content-type'}
        try:
            logger.info(f"发送PDF对比请求，URL: {compare_url}")
            logger.info(f"文件1: {file_path}")
            logger.info(f"文件2: {originalPdf_path}")
            resu_response = requests.post(url=compare_url,files=files,headers=upload_headers,timeout=60)
            #time.sleep(3)
            # 验证HTTP状态码
            if resu_response.status_code != 200:
                pytest.fail(f"HTTP请求失败，状态码: {resu_response.status_code}, 响应内容: {resu_response.text[:200]}")
    
            content_type = resu_response.headers.get('Content-Type', '')
            logger.info(f"响应 Content-Type: {content_type}")
            if 'zip' not in content_type.lower() and 'octet-stream' not in content_type.lower():
                logger.error(f"预期ZIP类型响应，实际返回 Content-Type={content_type}，响应前200字符：{resu_response.text[:200]}")
                pytest.fail(f"预期ZIP类型响应，实际返回 Content-Type={content_type}")
    
            if len(resu_response.content) &lt; 4 or not resu_response.content.startswith(b'PK'):
                snippet = resu_response.content[:256].decode('utf-8', errors='replace')
                pytest.fail(f"响应内容不是有效ZIP文件，前256字节：{snippet}")
    
            file_base = os.path.basename(file_path)
            # 去掉原有 .zip 后缀，避免生成 DYMB_001.zip.zip 双重后缀
            file_stem = file_base[:-4] if file_base.lower().endswith('.zip') else file_base
            # 保存到当前测试文件所在目录，避免污染项目根目录
            output_dir = os.path.dirname(os.path.abspath(__file__))
            output_zip_path = os.path.join(output_dir, f"temp_output_{file_stem}.zip")
    
            allure.step("保存响应数据到本地文件")
            logger.info("保存响应数据到本地文件")
            logger.info(f"HTTP状态码: {resu_response.status_code}")
            logger.info(f"响应内容长度: {len(resu_response.content)}")
            with open(output_zip_path,'wb') as f:
                f.write(resu_response.content)
                logger.info(f"响应数据已保存到: {output_zip_path}")
    
            allure.step(f"提取{file_path}的对比result结果")
            logger.info(f"提取{file_path}的对比result结果")
            with zipfile.ZipFile(output_zip_path,'r') as zip_f:
                if "result.txt" not in zip_f.namelist():
                    pytest.fail("结果ZIP包中缺少 result.txt")
                with zip_f.open('result.txt') as res:
                    content = res.read().decode('utf-8')
                    logger.info(f"result.txt内容: {content[:500]}")
                    if excepted_result in content:
                        assert True
                    else:
&gt;                       pytest.fail(f'Expected {excepted_result} not found in result.txt')
E                       Failed: Expected :inconsistent not found in result.txt

test_cases\test_api\test_print_api.py:197: Failed</failure></testcase><testcase classname="test_cases.test_api.test_print_api" name="test_pdf_compare[E:\\compare\\compare_json\\DYMB_004.zip-E:\\compare\\compare_pdf\\DYMB_004.zip-:consistent]" time="0.249" /><testcase classname="test_cases.test_api.test_print_api" name="test_pdf_compare[E:\\compare\\compare_json\\DYMB_005.zip-E:\\compare\\compare_pdf\\DYMB_005.zip-:consistent]" time="0.176" /><testcase classname="test_cases.test_api.test_font_api" name="test_font_check" time="0.337" /><testcase classname="test_cases.test_api.test_print_api" name="test_pdf_compare[E:\\compare\\compare_json\\DYMB_019.zip-E:\\compare\\compare_pdf\\DYMB_019.zip-:inconsistent]" time="0.270" /><testcase classname="test_cases.test_api.test_print_api" name="test_pdf_compare[E:\\compare\\compare_json\\DYMB_006.zip-E:\\compare\\compare_pdf\\DYMB_006.zip-:consistent]" time="0.172" /><testcase classname="test_cases.test_api.test_print_api" name="test_pdf_compare[E:\\compare\\compare_json\\DYMB_012.zip-E:\\compare\\compare_pdf\\DYMB_012.zip-:inconsistent]" time="0.201"><failure message="Failed: Expected :inconsistent not found in result.txt">common_headers = {'Cookie': 'yht_usertoken_diwork=mVrooyOh97oh03qGGu0Zz1so%2F9EsyRYFvJ1syUFrmAOMnwZp2RhUqVjs5yWhHCExGmQq12XEvRNiopMRKzj...vs7at44x', 'accept': '*/*', 'accept-language': 'zh,zh-CN;q=0.9', 'content-type': 'application/json;charset=UTF-8', ...}
file_path = 'E:\\compare\\compare_json\\DYMB_012.zip'
originalPdf_path = 'E:\\compare\\compare_pdf\\DYMB_012.zip'
excepted_result = ':inconsistent'

    @allure.epic("API自动化")
    @allure.feature("基础接口")
    @allure.story("compare接口场景执行")
    @pytest.mark.parametrize("file_path,originalPdf_path,excepted_result",load_test_data(csv_file_path))
    @pytest.mark.api
    def test_pdf_compare(common_headers,file_path,originalPdf_path,excepted_result):
        allure.step("检查json文件是否存在")
        if not os.path.exists(file_path):
            print(f"依赖的json文件路径{file_path}不存在")
        allure.step("检查pdf文件是否存在")
        if not os.path.exists(originalPdf_path):
            print(f"对比依赖的原pdf文件路径{originalPdf_path}不存在")
        compare_url = "https://c2.yonyoucloud.com/iuap-apcom-print/iuap-print-pdf/pdf/generate/compare"
        files = {
            'file':(os.path.basename(file_path),open(file_path,'rb')),
            'originalPdf':(os.path.basename(originalPdf_path),open(originalPdf_path,'rb'))
        }
        # 文件上传接口不能带 content-type: application/json，需移除，让 requests 自动设置 multipart/form-data
        upload_headers = {k: v for k, v in common_headers.items() if k.lower() != 'content-type'}
        try:
            logger.info(f"发送PDF对比请求，URL: {compare_url}")
            logger.info(f"文件1: {file_path}")
            logger.info(f"文件2: {originalPdf_path}")
            resu_response = requests.post(url=compare_url,files=files,headers=upload_headers,timeout=60)
            #time.sleep(3)
            # 验证HTTP状态码
            if resu_response.status_code != 200:
                pytest.fail(f"HTTP请求失败，状态码: {resu_response.status_code}, 响应内容: {resu_response.text[:200]}")
    
            content_type = resu_response.headers.get('Content-Type', '')
            logger.info(f"响应 Content-Type: {content_type}")
            if 'zip' not in content_type.lower() and 'octet-stream' not in content_type.lower():
                logger.error(f"预期ZIP类型响应，实际返回 Content-Type={content_type}，响应前200字符：{resu_response.text[:200]}")
                pytest.fail(f"预期ZIP类型响应，实际返回 Content-Type={content_type}")
    
            if len(resu_response.content) &lt; 4 or not resu_response.content.startswith(b'PK'):
                snippet = resu_response.content[:256].decode('utf-8', errors='replace')
                pytest.fail(f"响应内容不是有效ZIP文件，前256字节：{snippet}")
    
            file_base = os.path.basename(file_path)
            # 去掉原有 .zip 后缀，避免生成 DYMB_001.zip.zip 双重后缀
            file_stem = file_base[:-4] if file_base.lower().endswith('.zip') else file_base
            # 保存到当前测试文件所在目录，避免污染项目根目录
            output_dir = os.path.dirname(os.path.abspath(__file__))
            output_zip_path = os.path.join(output_dir, f"temp_output_{file_stem}.zip")
    
            allure.step("保存响应数据到本地文件")
            logger.info("保存响应数据到本地文件")
            logger.info(f"HTTP状态码: {resu_response.status_code}")
            logger.info(f"响应内容长度: {len(resu_response.content)}")
            with open(output_zip_path,'wb') as f:
                f.write(resu_response.content)
                logger.info(f"响应数据已保存到: {output_zip_path}")
    
            allure.step(f"提取{file_path}的对比result结果")
            logger.info(f"提取{file_path}的对比result结果")
            with zipfile.ZipFile(output_zip_path,'r') as zip_f:
                if "result.txt" not in zip_f.namelist():
                    pytest.fail("结果ZIP包中缺少 result.txt")
                with zip_f.open('result.txt') as res:
                    content = res.read().decode('utf-8')
                    logger.info(f"result.txt内容: {content[:500]}")
                    if excepted_result in content:
                        assert True
                    else:
&gt;                       pytest.fail(f'Expected {excepted_result} not found in result.txt')
E                       Failed: Expected :inconsistent not found in result.txt

test_cases\test_api\test_print_api.py:197: Failed</failure></testcase><testcase classname="test_cases.test_api.test_print_api" name="test_pdf_compare[E:\\compare\\compare_json\\DYMB_007.zip-E:\\compare\\compare_pdf\\DYMB_007.zip-:consistent]" time="0.159"><failure message="Failed: HTTP请求失败，状态码: 500, 响应内容: Test generates overall error">common_headers = {'Cookie': 'yht_usertoken_diwork=mVrooyOh97oh03qGGu0Zz1so%2F9EsyRYFvJ1syUFrmAOMnwZp2RhUqVjs5yWhHCExGmQq12XEvRNiopMRKzj...vs7at44x', 'accept': '*/*', 'accept-language': 'zh,zh-CN;q=0.9', 'content-type': 'application/json;charset=UTF-8', ...}
file_path = 'E:\\compare\\compare_json\\DYMB_007.zip'
originalPdf_path = 'E:\\compare\\compare_pdf\\DYMB_007.zip'
excepted_result = ':consistent'

    @allure.epic("API自动化")
    @allure.feature("基础接口")
    @allure.story("compare接口场景执行")
    @pytest.mark.parametrize("file_path,originalPdf_path,excepted_result",load_test_data(csv_file_path))
    @pytest.mark.api
    def test_pdf_compare(common_headers,file_path,originalPdf_path,excepted_result):
        allure.step("检查json文件是否存在")
        if not os.path.exists(file_path):
            print(f"依赖的json文件路径{file_path}不存在")
        allure.step("检查pdf文件是否存在")
        if not os.path.exists(originalPdf_path):
            print(f"对比依赖的原pdf文件路径{originalPdf_path}不存在")
        compare_url = "https://c2.yonyoucloud.com/iuap-apcom-print/iuap-print-pdf/pdf/generate/compare"
        files = {
            'file':(os.path.basename(file_path),open(file_path,'rb')),
            'originalPdf':(os.path.basename(originalPdf_path),open(originalPdf_path,'rb'))
        }
        # 文件上传接口不能带 content-type: application/json，需移除，让 requests 自动设置 multipart/form-data
        upload_headers = {k: v for k, v in common_headers.items() if k.lower() != 'content-type'}
        try:
            logger.info(f"发送PDF对比请求，URL: {compare_url}")
            logger.info(f"文件1: {file_path}")
            logger.info(f"文件2: {originalPdf_path}")
            resu_response = requests.post(url=compare_url,files=files,headers=upload_headers,timeout=60)
            #time.sleep(3)
            # 验证HTTP状态码
            if resu_response.status_code != 200:
&gt;               pytest.fail(f"HTTP请求失败，状态码: {resu_response.status_code}, 响应内容: {resu_response.text[:200]}")
E               Failed: HTTP请求失败，状态码: 500, 响应内容: Test generates overall error

test_cases\test_api\test_print_api.py:159: Failed</failure></testcase><testcase classname="test_cases.test_api.test_print_api" name="test_pdf_compare[E:\\compare\\compare_json\\DYMB_020.zip-E:\\compare\\compare_pdf\\DYMB_020.zip-:inconsistent]" time="0.286" /><testcase classname="test_cases.test_api.test_print_api" name="test_cache_print_api" time="0.105" /><testcase classname="test_cases.test_api.test_print_api" name="test_get_template_list" time="1.829" /><testcase classname="test_cases.test_api.test_print_api" name="test_pdf_compare[E:\\compare\\compare_json\\DYMB_013.zip-E:\\compare\\compare_pdf\\DYMB_013.zip-:inconsistent]" time="0.207"><failure message="Failed: Expected :inconsistent not found in result.txt">common_headers = {'Cookie': 'yht_usertoken_diwork=mVrooyOh97oh03qGGu0Zz1so%2F9EsyRYFvJ1syUFrmAOMnwZp2RhUqVjs5yWhHCExGmQq12XEvRNiopMRKzj...vs7at44x', 'accept': '*/*', 'accept-language': 'zh,zh-CN;q=0.9', 'content-type': 'application/json;charset=UTF-8', ...}
file_path = 'E:\\compare\\compare_json\\DYMB_013.zip'
originalPdf_path = 'E:\\compare\\compare_pdf\\DYMB_013.zip'
excepted_result = ':inconsistent'

    @allure.epic("API自动化")
    @allure.feature("基础接口")
    @allure.story("compare接口场景执行")
    @pytest.mark.parametrize("file_path,originalPdf_path,excepted_result",load_test_data(csv_file_path))
    @pytest.mark.api
    def test_pdf_compare(common_headers,file_path,originalPdf_path,excepted_result):
        allure.step("检查json文件是否存在")
        if not os.path.exists(file_path):
            print(f"依赖的json文件路径{file_path}不存在")
        allure.step("检查pdf文件是否存在")
        if not os.path.exists(originalPdf_path):
            print(f"对比依赖的原pdf文件路径{originalPdf_path}不存在")
        compare_url = "https://c2.yonyoucloud.com/iuap-apcom-print/iuap-print-pdf/pdf/generate/compare"
        files = {
            'file':(os.path.basename(file_path),open(file_path,'rb')),
            'originalPdf':(os.path.basename(originalPdf_path),open(originalPdf_path,'rb'))
        }
        # 文件上传接口不能带 content-type: application/json，需移除，让 requests 自动设置 multipart/form-data
        upload_headers = {k: v for k, v in common_headers.items() if k.lower() != 'content-type'}
        try:
            logger.info(f"发送PDF对比请求，URL: {compare_url}")
            logger.info(f"文件1: {file_path}")
            logger.info(f"文件2: {originalPdf_path}")
            resu_response = requests.post(url=compare_url,files=files,headers=upload_headers,timeout=60)
            #time.sleep(3)
            # 验证HTTP状态码
            if resu_response.status_code != 200:
                pytest.fail(f"HTTP请求失败，状态码: {resu_response.status_code}, 响应内容: {resu_response.text[:200]}")
    
            content_type = resu_response.headers.get('Content-Type', '')
            logger.info(f"响应 Content-Type: {content_type}")
            if 'zip' not in content_type.lower() and 'octet-stream' not in content_type.lower():
                logger.error(f"预期ZIP类型响应，实际返回 Content-Type={content_type}，响应前200字符：{resu_response.text[:200]}")
                pytest.fail(f"预期ZIP类型响应，实际返回 Content-Type={content_type}")
    
            if len(resu_response.content) &lt; 4 or not resu_response.content.startswith(b'PK'):
                snippet = resu_response.content[:256].decode('utf-8', errors='replace')
                pytest.fail(f"响应内容不是有效ZIP文件，前256字节：{snippet}")
    
            file_base = os.path.basename(file_path)
            # 去掉原有 .zip 后缀，避免生成 DYMB_001.zip.zip 双重后缀
            file_stem = file_base[:-4] if file_base.lower().endswith('.zip') else file_base
            # 保存到当前测试文件所在目录，避免污染项目根目录
            output_dir = os.path.dirname(os.path.abspath(__file__))
            output_zip_path = os.path.join(output_dir, f"temp_output_{file_stem}.zip")
    
            allure.step("保存响应数据到本地文件")
            logger.info("保存响应数据到本地文件")
            logger.info(f"HTTP状态码: {resu_response.status_code}")
            logger.info(f"响应内容长度: {len(resu_response.content)}")
            with open(output_zip_path,'wb') as f:
                f.write(resu_response.content)
                logger.info(f"响应数据已保存到: {output_zip_path}")
    
            allure.step(f"提取{file_path}的对比result结果")
            logger.info(f"提取{file_path}的对比result结果")
            with zipfile.ZipFile(output_zip_path,'r') as zip_f:
                if "result.txt" not in zip_f.namelist():
                    pytest.fail("结果ZIP包中缺少 result.txt")
                with zip_f.open('result.txt') as res:
                    content = res.read().decode('utf-8')
                    logger.info(f"result.txt内容: {content[:500]}")
                    if excepted_result in content:
                        assert True
                    else:
&gt;                       pytest.fail(f'Expected {excepted_result} not found in result.txt')
E                       Failed: Expected :inconsistent not found in result.txt

test_cases\test_api\test_print_api.py:197: Failed</failure></testcase><testcase classname="test_cases.test_api.test_print_api" name="test_pdf_compare[E:\\compare\\compare_json\\DYMB_021.zip-E:\\compare\\compare_pdf\\DYMB_021.zip-:consistent]" time="0.278"><failure message="Failed: Expected :consistent not found in result.txt">common_headers = {'Cookie': 'yht_usertoken_diwork=mVrooyOh97oh03qGGu0Zz1so%2F9EsyRYFvJ1syUFrmAOMnwZp2RhUqVjs5yWhHCExGmQq12XEvRNiopMRKzj...vs7at44x', 'accept': '*/*', 'accept-language': 'zh,zh-CN;q=0.9', 'content-type': 'application/json;charset=UTF-8', ...}
file_path = 'E:\\compare\\compare_json\\DYMB_021.zip'
originalPdf_path = 'E:\\compare\\compare_pdf\\DYMB_021.zip'
excepted_result = ':consistent'

    @allure.epic("API自动化")
    @allure.feature("基础接口")
    @allure.story("compare接口场景执行")
    @pytest.mark.parametrize("file_path,originalPdf_path,excepted_result",load_test_data(csv_file_path))
    @pytest.mark.api
    def test_pdf_compare(common_headers,file_path,originalPdf_path,excepted_result):
        allure.step("检查json文件是否存在")
        if not os.path.exists(file_path):
            print(f"依赖的json文件路径{file_path}不存在")
        allure.step("检查pdf文件是否存在")
        if not os.path.exists(originalPdf_path):
            print(f"对比依赖的原pdf文件路径{originalPdf_path}不存在")
        compare_url = "https://c2.yonyoucloud.com/iuap-apcom-print/iuap-print-pdf/pdf/generate/compare"
        files = {
            'file':(os.path.basename(file_path),open(file_path,'rb')),
            'originalPdf':(os.path.basename(originalPdf_path),open(originalPdf_path,'rb'))
        }
        # 文件上传接口不能带 content-type: application/json，需移除，让 requests 自动设置 multipart/form-data
        upload_headers = {k: v for k, v in common_headers.items() if k.lower() != 'content-type'}
        try:
            logger.info(f"发送PDF对比请求，URL: {compare_url}")
            logger.info(f"文件1: {file_path}")
            logger.info(f"文件2: {originalPdf_path}")
            resu_response = requests.post(url=compare_url,files=files,headers=upload_headers,timeout=60)
            #time.sleep(3)
            # 验证HTTP状态码
            if resu_response.status_code != 200:
                pytest.fail(f"HTTP请求失败，状态码: {resu_response.status_code}, 响应内容: {resu_response.text[:200]}")
    
            content_type = resu_response.headers.get('Content-Type', '')
            logger.info(f"响应 Content-Type: {content_type}")
            if 'zip' not in content_type.lower() and 'octet-stream' not in content_type.lower():
                logger.error(f"预期ZIP类型响应，实际返回 Content-Type={content_type}，响应前200字符：{resu_response.text[:200]}")
                pytest.fail(f"预期ZIP类型响应，实际返回 Content-Type={content_type}")
    
            if len(resu_response.content) &lt; 4 or not resu_response.content.startswith(b'PK'):
                snippet = resu_response.content[:256].decode('utf-8', errors='replace')
                pytest.fail(f"响应内容不是有效ZIP文件，前256字节：{snippet}")
    
            file_base = os.path.basename(file_path)
            # 去掉原有 .zip 后缀，避免生成 DYMB_001.zip.zip 双重后缀
            file_stem = file_base[:-4] if file_base.lower().endswith('.zip') else file_base
            # 保存到当前测试文件所在目录，避免污染项目根目录
            output_dir = os.path.dirname(os.path.abspath(__file__))
            output_zip_path = os.path.join(output_dir, f"temp_output_{file_stem}.zip")
    
            allure.step("保存响应数据到本地文件")
            logger.info("保存响应数据到本地文件")
            logger.info(f"HTTP状态码: {resu_response.status_code}")
            logger.info(f"响应内容长度: {len(resu_response.content)}")
            with open(output_zip_path,'wb') as f:
                f.write(resu_response.content)
                logger.info(f"响应数据已保存到: {output_zip_path}")
    
            allure.step(f"提取{file_path}的对比result结果")
            logger.info(f"提取{file_path}的对比result结果")
            with zipfile.ZipFile(output_zip_path,'r') as zip_f:
                if "result.txt" not in zip_f.namelist():
                    pytest.fail("结果ZIP包中缺少 result.txt")
                with zip_f.open('result.txt') as res:
                    content = res.read().decode('utf-8')
                    logger.info(f"result.txt内容: {content[:500]}")
                    if excepted_result in content:
                        assert True
                    else:
&gt;                       pytest.fail(f'Expected {excepted_result} not found in result.txt')
E                       Failed: Expected :consistent not found in result.txt

test_cases\test_api\test_print_api.py:197: Failed</failure></testcase><testcase classname="test_cases.test_api.test_print_api" name="test_pdf_compare[E:\\compare\\compare_json\\DYMB_014.zip-E:\\compare\\compare_pdf\\DYMB_014.zip-:consistent]" time="0.294" /><testcase classname="test_cases.test_api.test_print_api" name="test_pdf_compare[E:\\compare\\compare_json\\DYMB_008.zip-E:\\compare\\compare_pdf\\DYMB_008.zip-:consistent]" time="0.303"><failure message="Failed: Expected :consistent not found in result.txt">common_headers = {'Cookie': 'yht_usertoken_diwork=mVrooyOh97oh03qGGu0Zz1so%2F9EsyRYFvJ1syUFrmAOMnwZp2RhUqVjs5yWhHCExGmQq12XEvRNiopMRKzj...vs7at44x', 'accept': '*/*', 'accept-language': 'zh,zh-CN;q=0.9', 'content-type': 'application/json;charset=UTF-8', ...}
file_path = 'E:\\compare\\compare_json\\DYMB_008.zip'
originalPdf_path = 'E:\\compare\\compare_pdf\\DYMB_008.zip'
excepted_result = ':consistent'

    @allure.epic("API自动化")
    @allure.feature("基础接口")
    @allure.story("compare接口场景执行")
    @pytest.mark.parametrize("file_path,originalPdf_path,excepted_result",load_test_data(csv_file_path))
    @pytest.mark.api
    def test_pdf_compare(common_headers,file_path,originalPdf_path,excepted_result):
        allure.step("检查json文件是否存在")
        if not os.path.exists(file_path):
            print(f"依赖的json文件路径{file_path}不存在")
        allure.step("检查pdf文件是否存在")
        if not os.path.exists(originalPdf_path):
            print(f"对比依赖的原pdf文件路径{originalPdf_path}不存在")
        compare_url = "https://c2.yonyoucloud.com/iuap-apcom-print/iuap-print-pdf/pdf/generate/compare"
        files = {
            'file':(os.path.basename(file_path),open(file_path,'rb')),
            'originalPdf':(os.path.basename(originalPdf_path),open(originalPdf_path,'rb'))
        }
        # 文件上传接口不能带 content-type: application/json，需移除，让 requests 自动设置 multipart/form-data
        upload_headers = {k: v for k, v in common_headers.items() if k.lower() != 'content-type'}
        try:
            logger.info(f"发送PDF对比请求，URL: {compare_url}")
            logger.info(f"文件1: {file_path}")
            logger.info(f"文件2: {originalPdf_path}")
            resu_response = requests.post(url=compare_url,files=files,headers=upload_headers,timeout=60)
            #time.sleep(3)
            # 验证HTTP状态码
            if resu_response.status_code != 200:
                pytest.fail(f"HTTP请求失败，状态码: {resu_response.status_code}, 响应内容: {resu_response.text[:200]}")
    
            content_type = resu_response.headers.get('Content-Type', '')
            logger.info(f"响应 Content-Type: {content_type}")
            if 'zip' not in content_type.lower() and 'octet-stream' not in content_type.lower():
                logger.error(f"预期ZIP类型响应，实际返回 Content-Type={content_type}，响应前200字符：{resu_response.text[:200]}")
                pytest.fail(f"预期ZIP类型响应，实际返回 Content-Type={content_type}")
    
            if len(resu_response.content) &lt; 4 or not resu_response.content.startswith(b'PK'):
                snippet = resu_response.content[:256].decode('utf-8', errors='replace')
                pytest.fail(f"响应内容不是有效ZIP文件，前256字节：{snippet}")
    
            file_base = os.path.basename(file_path)
            # 去掉原有 .zip 后缀，避免生成 DYMB_001.zip.zip 双重后缀
            file_stem = file_base[:-4] if file_base.lower().endswith('.zip') else file_base
            # 保存到当前测试文件所在目录，避免污染项目根目录
            output_dir = os.path.dirname(os.path.abspath(__file__))
            output_zip_path = os.path.join(output_dir, f"temp_output_{file_stem}.zip")
    
            allure.step("保存响应数据到本地文件")
            logger.info("保存响应数据到本地文件")
            logger.info(f"HTTP状态码: {resu_response.status_code}")
            logger.info(f"响应内容长度: {len(resu_response.content)}")
            with open(output_zip_path,'wb') as f:
                f.write(resu_response.content)
                logger.info(f"响应数据已保存到: {output_zip_path}")
    
            allure.step(f"提取{file_path}的对比result结果")
            logger.info(f"提取{file_path}的对比result结果")
            with zipfile.ZipFile(output_zip_path,'r') as zip_f:
                if "result.txt" not in zip_f.namelist():
                    pytest.fail("结果ZIP包中缺少 result.txt")
                with zip_f.open('result.txt') as res:
                    content = res.read().decode('utf-8')
                    logger.info(f"result.txt内容: {content[:500]}")
                    if excepted_result in content:
                        assert True
                    else:
&gt;                       pytest.fail(f'Expected {excepted_result} not found in result.txt')
E                       Failed: Expected :consistent not found in result.txt

test_cases\test_api\test_print_api.py:197: Failed</failure></testcase><testcase classname="test_cases.test_api.test_print_api" name="test_pdf_compare[E:\\compare\\compare_json\\DYMB_015.zip-E:\\compare\\compare_pdf\\DYMB_015.zip-:inconsistent]" time="0.342" /><testcase classname="test_cases.test_api.test_print_api" name="test_pdf_compare[E:\\compare\\compare_json\\DYMB_009.zip-E:\\compare\\compare_pdf\\DYMB_009.zip-:inconsistent]" time="0.258" /><testcase classname="test_cases.test_api.test_print_api" name="test_pdf_compare[E:\\compare\\compare_json\\DYMB_022.zip-E:\\compare\\compare_pdf\\DYMB_022.zip-:consistent]" time="0.256"><failure message="Failed: Expected :consistent not found in result.txt">common_headers = {'Cookie': 'yht_usertoken_diwork=mVrooyOh97oh03qGGu0Zz1so%2F9EsyRYFvJ1syUFrmAOMnwZp2RhUqVjs5yWhHCExGmQq12XEvRNiopMRKzj...vs7at44x', 'accept': '*/*', 'accept-language': 'zh,zh-CN;q=0.9', 'content-type': 'application/json;charset=UTF-8', ...}
file_path = 'E:\\compare\\compare_json\\DYMB_022.zip'
originalPdf_path = 'E:\\compare\\compare_pdf\\DYMB_022.zip'
excepted_result = ':consistent'

    @allure.epic("API自动化")
    @allure.feature("基础接口")
    @allure.story("compare接口场景执行")
    @pytest.mark.parametrize("file_path,originalPdf_path,excepted_result",load_test_data(csv_file_path))
    @pytest.mark.api
    def test_pdf_compare(common_headers,file_path,originalPdf_path,excepted_result):
        allure.step("检查json文件是否存在")
        if not os.path.exists(file_path):
            print(f"依赖的json文件路径{file_path}不存在")
        allure.step("检查pdf文件是否存在")
        if not os.path.exists(originalPdf_path):
            print(f"对比依赖的原pdf文件路径{originalPdf_path}不存在")
        compare_url = "https://c2.yonyoucloud.com/iuap-apcom-print/iuap-print-pdf/pdf/generate/compare"
        files = {
            'file':(os.path.basename(file_path),open(file_path,'rb')),
            'originalPdf':(os.path.basename(originalPdf_path),open(originalPdf_path,'rb'))
        }
        # 文件上传接口不能带 content-type: application/json，需移除，让 requests 自动设置 multipart/form-data
        upload_headers = {k: v for k, v in common_headers.items() if k.lower() != 'content-type'}
        try:
            logger.info(f"发送PDF对比请求，URL: {compare_url}")
            logger.info(f"文件1: {file_path}")
            logger.info(f"文件2: {originalPdf_path}")
            resu_response = requests.post(url=compare_url,files=files,headers=upload_headers,timeout=60)
            #time.sleep(3)
            # 验证HTTP状态码
            if resu_response.status_code != 200:
                pytest.fail(f"HTTP请求失败，状态码: {resu_response.status_code}, 响应内容: {resu_response.text[:200]}")
    
            content_type = resu_response.headers.get('Content-Type', '')
            logger.info(f"响应 Content-Type: {content_type}")
            if 'zip' not in content_type.lower() and 'octet-stream' not in content_type.lower():
                logger.error(f"预期ZIP类型响应，实际返回 Content-Type={content_type}，响应前200字符：{resu_response.text[:200]}")
                pytest.fail(f"预期ZIP类型响应，实际返回 Content-Type={content_type}")
    
            if len(resu_response.content) &lt; 4 or not resu_response.content.startswith(b'PK'):
                snippet = resu_response.content[:256].decode('utf-8', errors='replace')
                pytest.fail(f"响应内容不是有效ZIP文件，前256字节：{snippet}")
    
            file_base = os.path.basename(file_path)
            # 去掉原有 .zip 后缀，避免生成 DYMB_001.zip.zip 双重后缀
            file_stem = file_base[:-4] if file_base.lower().endswith('.zip') else file_base
            # 保存到当前测试文件所在目录，避免污染项目根目录
            output_dir = os.path.dirname(os.path.abspath(__file__))
            output_zip_path = os.path.join(output_dir, f"temp_output_{file_stem}.zip")
    
            allure.step("保存响应数据到本地文件")
            logger.info("保存响应数据到本地文件")
            logger.info(f"HTTP状态码: {resu_response.status_code}")
            logger.info(f"响应内容长度: {len(resu_response.content)}")
            with open(output_zip_path,'wb') as f:
                f.write(resu_response.content)
                logger.info(f"响应数据已保存到: {output_zip_path}")
    
            allure.step(f"提取{file_path}的对比result结果")
            logger.info(f"提取{file_path}的对比result结果")
            with zipfile.ZipFile(output_zip_path,'r') as zip_f:
                if "result.txt" not in zip_f.namelist():
                    pytest.fail("结果ZIP包中缺少 result.txt")
                with zip_f.open('result.txt') as res:
                    content = res.read().decode('utf-8')
                    logger.info(f"result.txt内容: {content[:500]}")
                    if excepted_result in content:
                        assert True
                    else:
&gt;                       pytest.fail(f'Expected {excepted_result} not found in result.txt')
E                       Failed: Expected :consistent not found in result.txt

test_cases\test_api\test_print_api.py:197: Failed</failure></testcase><testcase classname="test_cases.test_api.test_print_api" name="test_pdf_compare[E:\\compare\\compare_json\\DYMB_016.zip-E:\\compare\\compare_pdf\\DYMB_016.zip-:consistent]" time="0.255"><failure message="Failed: Expected :consistent not found in result.txt">common_headers = {'Cookie': 'yht_usertoken_diwork=mVrooyOh97oh03qGGu0Zz1so%2F9EsyRYFvJ1syUFrmAOMnwZp2RhUqVjs5yWhHCExGmQq12XEvRNiopMRKzj...vs7at44x', 'accept': '*/*', 'accept-language': 'zh,zh-CN;q=0.9', 'content-type': 'application/json;charset=UTF-8', ...}
file_path = 'E:\\compare\\compare_json\\DYMB_016.zip'
originalPdf_path = 'E:\\compare\\compare_pdf\\DYMB_016.zip'
excepted_result = ':consistent'

    @allure.epic("API自动化")
    @allure.feature("基础接口")
    @allure.story("compare接口场景执行")
    @pytest.mark.parametrize("file_path,originalPdf_path,excepted_result",load_test_data(csv_file_path))
    @pytest.mark.api
    def test_pdf_compare(common_headers,file_path,originalPdf_path,excepted_result):
        allure.step("检查json文件是否存在")
        if not os.path.exists(file_path):
            print(f"依赖的json文件路径{file_path}不存在")
        allure.step("检查pdf文件是否存在")
        if not os.path.exists(originalPdf_path):
            print(f"对比依赖的原pdf文件路径{originalPdf_path}不存在")
        compare_url = "https://c2.yonyoucloud.com/iuap-apcom-print/iuap-print-pdf/pdf/generate/compare"
        files = {
            'file':(os.path.basename(file_path),open(file_path,'rb')),
            'originalPdf':(os.path.basename(originalPdf_path),open(originalPdf_path,'rb'))
        }
        # 文件上传接口不能带 content-type: application/json，需移除，让 requests 自动设置 multipart/form-data
        upload_headers = {k: v for k, v in common_headers.items() if k.lower() != 'content-type'}
        try:
            logger.info(f"发送PDF对比请求，URL: {compare_url}")
            logger.info(f"文件1: {file_path}")
            logger.info(f"文件2: {originalPdf_path}")
            resu_response = requests.post(url=compare_url,files=files,headers=upload_headers,timeout=60)
            #time.sleep(3)
            # 验证HTTP状态码
            if resu_response.status_code != 200:
                pytest.fail(f"HTTP请求失败，状态码: {resu_response.status_code}, 响应内容: {resu_response.text[:200]}")
    
            content_type = resu_response.headers.get('Content-Type', '')
            logger.info(f"响应 Content-Type: {content_type}")
            if 'zip' not in content_type.lower() and 'octet-stream' not in content_type.lower():
                logger.error(f"预期ZIP类型响应，实际返回 Content-Type={content_type}，响应前200字符：{resu_response.text[:200]}")
                pytest.fail(f"预期ZIP类型响应，实际返回 Content-Type={content_type}")
    
            if len(resu_response.content) &lt; 4 or not resu_response.content.startswith(b'PK'):
                snippet = resu_response.content[:256].decode('utf-8', errors='replace')
                pytest.fail(f"响应内容不是有效ZIP文件，前256字节：{snippet}")
    
            file_base = os.path.basename(file_path)
            # 去掉原有 .zip 后缀，避免生成 DYMB_001.zip.zip 双重后缀
            file_stem = file_base[:-4] if file_base.lower().endswith('.zip') else file_base
            # 保存到当前测试文件所在目录，避免污染项目根目录
            output_dir = os.path.dirname(os.path.abspath(__file__))
            output_zip_path = os.path.join(output_dir, f"temp_output_{file_stem}.zip")
    
            allure.step("保存响应数据到本地文件")
            logger.info("保存响应数据到本地文件")
            logger.info(f"HTTP状态码: {resu_response.status_code}")
            logger.info(f"响应内容长度: {len(resu_response.content)}")
            with open(output_zip_path,'wb') as f:
                f.write(resu_response.content)
                logger.info(f"响应数据已保存到: {output_zip_path}")
    
            allure.step(f"提取{file_path}的对比result结果")
            logger.info(f"提取{file_path}的对比result结果")
            with zipfile.ZipFile(output_zip_path,'r') as zip_f:
                if "result.txt" not in zip_f.namelist():
                    pytest.fail("结果ZIP包中缺少 result.txt")
                with zip_f.open('result.txt') as res:
                    content = res.read().decode('utf-8')
                    logger.info(f"result.txt内容: {content[:500]}")
                    if excepted_result in content:
                        assert True
                    else:
&gt;                       pytest.fail(f'Expected {excepted_result} not found in result.txt')
E                       Failed: Expected :consistent not found in result.txt

test_cases\test_api\test_print_api.py:197: Failed</failure></testcase><testcase classname="test_cases.test_api.test_print_api" name="test_pdf_compare[E:\\compare\\compare_json\\DYMB_024.zip-E:\\compare\\compare_pdf\\DYMB_024.zip-:consistent]" time="0.231" /><testcase classname="test_cases.test_api.test_print_api" name="test_pdf_compare[E:\\compare\\compare_json\\DYMB_023.zip-E:\\compare\\compare_pdf\\DYMB_023.zip-:consistent]" time="0.211" /><testcase classname="test_cases.test_api.test_print_api" name="test_pdf_compare[E:\\compare\\compare_json\\DYMB_025.zip-E:\\compare\\compare_pdf\\DYMB_025.zip-:consistent]" time="0.217" /><testcase classname="test_cases.test_api.test_print_api" name="test_pdf_compare[E:\\compare\\compare_json\\DYMB_050.zip-E:\\compare\\compare_pdf\\DYMB_050.zip-:consistent]" time="0.220"><failure message="Failed: Expected :consistent not found in result.txt">common_headers = {'Cookie': 'yht_usertoken_diwork=mVrooyOh97oh03qGGu0Zz1so%2F9EsyRYFvJ1syUFrmAOMnwZp2RhUqVjs5yWhHCExGmQq12XEvRNiopMRKzj...vs7at44x', 'accept': '*/*', 'accept-language': 'zh,zh-CN;q=0.9', 'content-type': 'application/json;charset=UTF-8', ...}
file_path = 'E:\\compare\\compare_json\\DYMB_050.zip'
originalPdf_path = 'E:\\compare\\compare_pdf\\DYMB_050.zip'
excepted_result = ':consistent'

    @allure.epic("API自动化")
    @allure.feature("基础接口")
    @allure.story("compare接口场景执行")
    @pytest.mark.parametrize("file_path,originalPdf_path,excepted_result",load_test_data(csv_file_path))
    @pytest.mark.api
    def test_pdf_compare(common_headers,file_path,originalPdf_path,excepted_result):
        allure.step("检查json文件是否存在")
        if not os.path.exists(file_path):
            print(f"依赖的json文件路径{file_path}不存在")
        allure.step("检查pdf文件是否存在")
        if not os.path.exists(originalPdf_path):
            print(f"对比依赖的原pdf文件路径{originalPdf_path}不存在")
        compare_url = "https://c2.yonyoucloud.com/iuap-apcom-print/iuap-print-pdf/pdf/generate/compare"
        files = {
            'file':(os.path.basename(file_path),open(file_path,'rb')),
            'originalPdf':(os.path.basename(originalPdf_path),open(originalPdf_path,'rb'))
        }
        # 文件上传接口不能带 content-type: application/json，需移除，让 requests 自动设置 multipart/form-data
        upload_headers = {k: v for k, v in common_headers.items() if k.lower() != 'content-type'}
        try:
            logger.info(f"发送PDF对比请求，URL: {compare_url}")
            logger.info(f"文件1: {file_path}")
            logger.info(f"文件2: {originalPdf_path}")
            resu_response = requests.post(url=compare_url,files=files,headers=upload_headers,timeout=60)
            #time.sleep(3)
            # 验证HTTP状态码
            if resu_response.status_code != 200:
                pytest.fail(f"HTTP请求失败，状态码: {resu_response.status_code}, 响应内容: {resu_response.text[:200]}")
    
            content_type = resu_response.headers.get('Content-Type', '')
            logger.info(f"响应 Content-Type: {content_type}")
            if 'zip' not in content_type.lower() and 'octet-stream' not in content_type.lower():
                logger.error(f"预期ZIP类型响应，实际返回 Content-Type={content_type}，响应前200字符：{resu_response.text[:200]}")
                pytest.fail(f"预期ZIP类型响应，实际返回 Content-Type={content_type}")
    
            if len(resu_response.content) &lt; 4 or not resu_response.content.startswith(b'PK'):
                snippet = resu_response.content[:256].decode('utf-8', errors='replace')
                pytest.fail(f"响应内容不是有效ZIP文件，前256字节：{snippet}")
    
            file_base = os.path.basename(file_path)
            # 去掉原有 .zip 后缀，避免生成 DYMB_001.zip.zip 双重后缀
            file_stem = file_base[:-4] if file_base.lower().endswith('.zip') else file_base
            # 保存到当前测试文件所在目录，避免污染项目根目录
            output_dir = os.path.dirname(os.path.abspath(__file__))
            output_zip_path = os.path.join(output_dir, f"temp_output_{file_stem}.zip")
    
            allure.step("保存响应数据到本地文件")
            logger.info("保存响应数据到本地文件")
            logger.info(f"HTTP状态码: {resu_response.status_code}")
            logger.info(f"响应内容长度: {len(resu_response.content)}")
            with open(output_zip_path,'wb') as f:
                f.write(resu_response.content)
                logger.info(f"响应数据已保存到: {output_zip_path}")
    
            allure.step(f"提取{file_path}的对比result结果")
            logger.info(f"提取{file_path}的对比result结果")
            with zipfile.ZipFile(output_zip_path,'r') as zip_f:
                if "result.txt" not in zip_f.namelist():
                    pytest.fail("结果ZIP包中缺少 result.txt")
                with zip_f.open('result.txt') as res:
                    content = res.read().decode('utf-8')
                    logger.info(f"result.txt内容: {content[:500]}")
                    if excepted_result in content:
                        assert True
                    else:
&gt;                       pytest.fail(f'Expected {excepted_result} not found in result.txt')
E                       Failed: Expected :consistent not found in result.txt

test_cases\test_api\test_print_api.py:197: Failed</failure></testcase><testcase classname="test_cases.test_api.test_print_api" name="test_pdf_compare[E:\\compare\\compare_json\\DYMB_040.zip-E:\\compare\\compare_pdf\\DYMB_040.zip-:consistent]" time="0.323" /><testcase classname="test_cases.test_api.test_print_api" name="test_pdf_compare[E:\\compare\\compare_json\\DYMB_026.zip-E:\\compare\\compare_pdf\\DYMB_026.zip-:consistent]" time="0.228"><failure message="Failed: Expected :consistent not found in result.txt">common_headers = {'Cookie': 'yht_usertoken_diwork=mVrooyOh97oh03qGGu0Zz1so%2F9EsyRYFvJ1syUFrmAOMnwZp2RhUqVjs5yWhHCExGmQq12XEvRNiopMRKzj...vs7at44x', 'accept': '*/*', 'accept-language': 'zh,zh-CN;q=0.9', 'content-type': 'application/json;charset=UTF-8', ...}
file_path = 'E:\\compare\\compare_json\\DYMB_026.zip'
originalPdf_path = 'E:\\compare\\compare_pdf\\DYMB_026.zip'
excepted_result = ':consistent'

    @allure.epic("API自动化")
    @allure.feature("基础接口")
    @allure.story("compare接口场景执行")
    @pytest.mark.parametrize("file_path,originalPdf_path,excepted_result",load_test_data(csv_file_path))
    @pytest.mark.api
    def test_pdf_compare(common_headers,file_path,originalPdf_path,excepted_result):
        allure.step("检查json文件是否存在")
        if not os.path.exists(file_path):
            print(f"依赖的json文件路径{file_path}不存在")
        allure.step("检查pdf文件是否存在")
        if not os.path.exists(originalPdf_path):
            print(f"对比依赖的原pdf文件路径{originalPdf_path}不存在")
        compare_url = "https://c2.yonyoucloud.com/iuap-apcom-print/iuap-print-pdf/pdf/generate/compare"
        files = {
            'file':(os.path.basename(file_path),open(file_path,'rb')),
            'originalPdf':(os.path.basename(originalPdf_path),open(originalPdf_path,'rb'))
        }
        # 文件上传接口不能带 content-type: application/json，需移除，让 requests 自动设置 multipart/form-data
        upload_headers = {k: v for k, v in common_headers.items() if k.lower() != 'content-type'}
        try:
            logger.info(f"发送PDF对比请求，URL: {compare_url}")
            logger.info(f"文件1: {file_path}")
            logger.info(f"文件2: {originalPdf_path}")
            resu_response = requests.post(url=compare_url,files=files,headers=upload_headers,timeout=60)
            #time.sleep(3)
            # 验证HTTP状态码
            if resu_response.status_code != 200:
                pytest.fail(f"HTTP请求失败，状态码: {resu_response.status_code}, 响应内容: {resu_response.text[:200]}")
    
            content_type = resu_response.headers.get('Content-Type', '')
            logger.info(f"响应 Content-Type: {content_type}")
            if 'zip' not in content_type.lower() and 'octet-stream' not in content_type.lower():
                logger.error(f"预期ZIP类型响应，实际返回 Content-Type={content_type}，响应前200字符：{resu_response.text[:200]}")
                pytest.fail(f"预期ZIP类型响应，实际返回 Content-Type={content_type}")
    
            if len(resu_response.content) &lt; 4 or not resu_response.content.startswith(b'PK'):
                snippet = resu_response.content[:256].decode('utf-8', errors='replace')
                pytest.fail(f"响应内容不是有效ZIP文件，前256字节：{snippet}")
    
            file_base = os.path.basename(file_path)
            # 去掉原有 .zip 后缀，避免生成 DYMB_001.zip.zip 双重后缀
            file_stem = file_base[:-4] if file_base.lower().endswith('.zip') else file_base
            # 保存到当前测试文件所在目录，避免污染项目根目录
            output_dir = os.path.dirname(os.path.abspath(__file__))
            output_zip_path = os.path.join(output_dir, f"temp_output_{file_stem}.zip")
    
            allure.step("保存响应数据到本地文件")
            logger.info("保存响应数据到本地文件")
            logger.info(f"HTTP状态码: {resu_response.status_code}")
            logger.info(f"响应内容长度: {len(resu_response.content)}")
            with open(output_zip_path,'wb') as f:
                f.write(resu_response.content)
                logger.info(f"响应数据已保存到: {output_zip_path}")
    
            allure.step(f"提取{file_path}的对比result结果")
            logger.info(f"提取{file_path}的对比result结果")
            with zipfile.ZipFile(output_zip_path,'r') as zip_f:
                if "result.txt" not in zip_f.namelist():
                    pytest.fail("结果ZIP包中缺少 result.txt")
                with zip_f.open('result.txt') as res:
                    content = res.read().decode('utf-8')
                    logger.info(f"result.txt内容: {content[:500]}")
                    if excepted_result in content:
                        assert True
                    else:
&gt;                       pytest.fail(f'Expected {excepted_result} not found in result.txt')
E                       Failed: Expected :consistent not found in result.txt

test_cases\test_api\test_print_api.py:197: Failed</failure></testcase><testcase classname="test_cases.test_api.test_print_api" name="test_pdf_compare[E:\\compare\\compare_json\\DYMB_051.zip-E:\\compare\\compare_pdf\\DYMB_051.zip-:inconsistent]" time="0.245" /><testcase classname="test_cases.test_api.test_print_api" name="test_pdf_compare[E:\\compare\\compare_json\\DYMB_041.zip-E:\\compare\\compare_pdf\\DYMB_041.zip-:inconsistent]" time="0.235" /><testcase classname="test_cases.test_api.test_print_api" name="test_pdf_compare[E:\\compare\\compare_json\\DYMB_027.zip-E:\\compare\\compare_pdf\\DYMB_027.zip-:consistent]" time="0.238"><failure message="Failed: Expected :consistent not found in result.txt">common_headers = {'Cookie': 'yht_usertoken_diwork=mVrooyOh97oh03qGGu0Zz1so%2F9EsyRYFvJ1syUFrmAOMnwZp2RhUqVjs5yWhHCExGmQq12XEvRNiopMRKzj...vs7at44x', 'accept': '*/*', 'accept-language': 'zh,zh-CN;q=0.9', 'content-type': 'application/json;charset=UTF-8', ...}
file_path = 'E:\\compare\\compare_json\\DYMB_027.zip'
originalPdf_path = 'E:\\compare\\compare_pdf\\DYMB_027.zip'
excepted_result = ':consistent'

    @allure.epic("API自动化")
    @allure.feature("基础接口")
    @allure.story("compare接口场景执行")
    @pytest.mark.parametrize("file_path,originalPdf_path,excepted_result",load_test_data(csv_file_path))
    @pytest.mark.api
    def test_pdf_compare(common_headers,file_path,originalPdf_path,excepted_result):
        allure.step("检查json文件是否存在")
        if not os.path.exists(file_path):
            print(f"依赖的json文件路径{file_path}不存在")
        allure.step("检查pdf文件是否存在")
        if not os.path.exists(originalPdf_path):
            print(f"对比依赖的原pdf文件路径{originalPdf_path}不存在")
        compare_url = "https://c2.yonyoucloud.com/iuap-apcom-print/iuap-print-pdf/pdf/generate/compare"
        files = {
            'file':(os.path.basename(file_path),open(file_path,'rb')),
            'originalPdf':(os.path.basename(originalPdf_path),open(originalPdf_path,'rb'))
        }
        # 文件上传接口不能带 content-type: application/json，需移除，让 requests 自动设置 multipart/form-data
        upload_headers = {k: v for k, v in common_headers.items() if k.lower() != 'content-type'}
        try:
            logger.info(f"发送PDF对比请求，URL: {compare_url}")
            logger.info(f"文件1: {file_path}")
            logger.info(f"文件2: {originalPdf_path}")
            resu_response = requests.post(url=compare_url,files=files,headers=upload_headers,timeout=60)
            #time.sleep(3)
            # 验证HTTP状态码
            if resu_response.status_code != 200:
                pytest.fail(f"HTTP请求失败，状态码: {resu_response.status_code}, 响应内容: {resu_response.text[:200]}")
    
            content_type = resu_response.headers.get('Content-Type', '')
            logger.info(f"响应 Content-Type: {content_type}")
            if 'zip' not in content_type.lower() and 'octet-stream' not in content_type.lower():
                logger.error(f"预期ZIP类型响应，实际返回 Content-Type={content_type}，响应前200字符：{resu_response.text[:200]}")
                pytest.fail(f"预期ZIP类型响应，实际返回 Content-Type={content_type}")
    
            if len(resu_response.content) &lt; 4 or not resu_response.content.startswith(b'PK'):
                snippet = resu_response.content[:256].decode('utf-8', errors='replace')
                pytest.fail(f"响应内容不是有效ZIP文件，前256字节：{snippet}")
    
            file_base = os.path.basename(file_path)
            # 去掉原有 .zip 后缀，避免生成 DYMB_001.zip.zip 双重后缀
            file_stem = file_base[:-4] if file_base.lower().endswith('.zip') else file_base
            # 保存到当前测试文件所在目录，避免污染项目根目录
            output_dir = os.path.dirname(os.path.abspath(__file__))
            output_zip_path = os.path.join(output_dir, f"temp_output_{file_stem}.zip")
    
            allure.step("保存响应数据到本地文件")
            logger.info("保存响应数据到本地文件")
            logger.info(f"HTTP状态码: {resu_response.status_code}")
            logger.info(f"响应内容长度: {len(resu_response.content)}")
            with open(output_zip_path,'wb') as f:
                f.write(resu_response.content)
                logger.info(f"响应数据已保存到: {output_zip_path}")
    
            allure.step(f"提取{file_path}的对比result结果")
            logger.info(f"提取{file_path}的对比result结果")
            with zipfile.ZipFile(output_zip_path,'r') as zip_f:
                if "result.txt" not in zip_f.namelist():
                    pytest.fail("结果ZIP包中缺少 result.txt")
                with zip_f.open('result.txt') as res:
                    content = res.read().decode('utf-8')
                    logger.info(f"result.txt内容: {content[:500]}")
                    if excepted_result in content:
                        assert True
                    else:
&gt;                       pytest.fail(f'Expected {excepted_result} not found in result.txt')
E                       Failed: Expected :consistent not found in result.txt

test_cases\test_api\test_print_api.py:197: Failed</failure></testcase><testcase classname="test_cases.test_api.test_print_api" name="test_pdf_compare[E:\\compare\\compare_json\\DYMB_052.zip-E:\\compare\\compare_pdf\\DYMB_052.zip-:consistent]" time="0.212"><failure message="Failed: Expected :consistent not found in result.txt">common_headers = {'Cookie': 'yht_usertoken_diwork=mVrooyOh97oh03qGGu0Zz1so%2F9EsyRYFvJ1syUFrmAOMnwZp2RhUqVjs5yWhHCExGmQq12XEvRNiopMRKzj...vs7at44x', 'accept': '*/*', 'accept-language': 'zh,zh-CN;q=0.9', 'content-type': 'application/json;charset=UTF-8', ...}
file_path = 'E:\\compare\\compare_json\\DYMB_052.zip'
originalPdf_path = 'E:\\compare\\compare_pdf\\DYMB_052.zip'
excepted_result = ':consistent'

    @allure.epic("API自动化")
    @allure.feature("基础接口")
    @allure.story("compare接口场景执行")
    @pytest.mark.parametrize("file_path,originalPdf_path,excepted_result",load_test_data(csv_file_path))
    @pytest.mark.api
    def test_pdf_compare(common_headers,file_path,originalPdf_path,excepted_result):
        allure.step("检查json文件是否存在")
        if not os.path.exists(file_path):
            print(f"依赖的json文件路径{file_path}不存在")
        allure.step("检查pdf文件是否存在")
        if not os.path.exists(originalPdf_path):
            print(f"对比依赖的原pdf文件路径{originalPdf_path}不存在")
        compare_url = "https://c2.yonyoucloud.com/iuap-apcom-print/iuap-print-pdf/pdf/generate/compare"
        files = {
            'file':(os.path.basename(file_path),open(file_path,'rb')),
            'originalPdf':(os.path.basename(originalPdf_path),open(originalPdf_path,'rb'))
        }
        # 文件上传接口不能带 content-type: application/json，需移除，让 requests 自动设置 multipart/form-data
        upload_headers = {k: v for k, v in common_headers.items() if k.lower() != 'content-type'}
        try:
            logger.info(f"发送PDF对比请求，URL: {compare_url}")
            logger.info(f"文件1: {file_path}")
            logger.info(f"文件2: {originalPdf_path}")
            resu_response = requests.post(url=compare_url,files=files,headers=upload_headers,timeout=60)
            #time.sleep(3)
            # 验证HTTP状态码
            if resu_response.status_code != 200:
                pytest.fail(f"HTTP请求失败，状态码: {resu_response.status_code}, 响应内容: {resu_response.text[:200]}")
    
            content_type = resu_response.headers.get('Content-Type', '')
            logger.info(f"响应 Content-Type: {content_type}")
            if 'zip' not in content_type.lower() and 'octet-stream' not in content_type.lower():
                logger.error(f"预期ZIP类型响应，实际返回 Content-Type={content_type}，响应前200字符：{resu_response.text[:200]}")
                pytest.fail(f"预期ZIP类型响应，实际返回 Content-Type={content_type}")
    
            if len(resu_response.content) &lt; 4 or not resu_response.content.startswith(b'PK'):
                snippet = resu_response.content[:256].decode('utf-8', errors='replace')
                pytest.fail(f"响应内容不是有效ZIP文件，前256字节：{snippet}")
    
            file_base = os.path.basename(file_path)
            # 去掉原有 .zip 后缀，避免生成 DYMB_001.zip.zip 双重后缀
            file_stem = file_base[:-4] if file_base.lower().endswith('.zip') else file_base
            # 保存到当前测试文件所在目录，避免污染项目根目录
            output_dir = os.path.dirname(os.path.abspath(__file__))
            output_zip_path = os.path.join(output_dir, f"temp_output_{file_stem}.zip")
    
            allure.step("保存响应数据到本地文件")
            logger.info("保存响应数据到本地文件")
            logger.info(f"HTTP状态码: {resu_response.status_code}")
            logger.info(f"响应内容长度: {len(resu_response.content)}")
            with open(output_zip_path,'wb') as f:
                f.write(resu_response.content)
                logger.info(f"响应数据已保存到: {output_zip_path}")
    
            allure.step(f"提取{file_path}的对比result结果")
            logger.info(f"提取{file_path}的对比result结果")
            with zipfile.ZipFile(output_zip_path,'r') as zip_f:
                if "result.txt" not in zip_f.namelist():
                    pytest.fail("结果ZIP包中缺少 result.txt")
                with zip_f.open('result.txt') as res:
                    content = res.read().decode('utf-8')
                    logger.info(f"result.txt内容: {content[:500]}")
                    if excepted_result in content:
                        assert True
                    else:
&gt;                       pytest.fail(f'Expected {excepted_result} not found in result.txt')
E                       Failed: Expected :consistent not found in result.txt

test_cases\test_api\test_print_api.py:197: Failed</failure></testcase><testcase classname="test_cases.test_api.test_print_api" name="test_pdf_compare[E:\\compare\\compare_json\\DYMB_042.zip-E:\\compare\\compare_pdf\\DYMB_042.zip-:inconsistent]" time="0.352" /><testcase classname="test_cases.test_api.test_print_api" name="test_print" time="87.429" /><testcase classname="test_cases.test_api.test_print_api" name="test_pdf_compare[E:\\compare\\compare_json\\DYMB_053.zip-E:\\compare\\compare_pdf\\DYMB_053.zip-:inconsistent]" time="0.260" /><testcase classname="test_cases.test_api.test_print_api" name="test_pdf_compare[E:\\compare\\compare_json\\DYMB_028.zip-E:\\compare\\compare_pdf\\DYMB_028.zip-:consistent]" time="0.207"><failure message="Failed: Expected :consistent not found in result.txt">common_headers = {'Cookie': 'yht_usertoken_diwork=mVrooyOh97oh03qGGu0Zz1so%2F9EsyRYFvJ1syUFrmAOMnwZp2RhUqVjs5yWhHCExGmQq12XEvRNiopMRKzj...vs7at44x', 'accept': '*/*', 'accept-language': 'zh,zh-CN;q=0.9', 'content-type': 'application/json;charset=UTF-8', ...}
file_path = 'E:\\compare\\compare_json\\DYMB_028.zip'
originalPdf_path = 'E:\\compare\\compare_pdf\\DYMB_028.zip'
excepted_result = ':consistent'

    @allure.epic("API自动化")
    @allure.feature("基础接口")
    @allure.story("compare接口场景执行")
    @pytest.mark.parametrize("file_path,originalPdf_path,excepted_result",load_test_data(csv_file_path))
    @pytest.mark.api
    def test_pdf_compare(common_headers,file_path,originalPdf_path,excepted_result):
        allure.step("检查json文件是否存在")
        if not os.path.exists(file_path):
            print(f"依赖的json文件路径{file_path}不存在")
        allure.step("检查pdf文件是否存在")
        if not os.path.exists(originalPdf_path):
            print(f"对比依赖的原pdf文件路径{originalPdf_path}不存在")
        compare_url = "https://c2.yonyoucloud.com/iuap-apcom-print/iuap-print-pdf/pdf/generate/compare"
        files = {
            'file':(os.path.basename(file_path),open(file_path,'rb')),
            'originalPdf':(os.path.basename(originalPdf_path),open(originalPdf_path,'rb'))
        }
        # 文件上传接口不能带 content-type: application/json，需移除，让 requests 自动设置 multipart/form-data
        upload_headers = {k: v for k, v in common_headers.items() if k.lower() != 'content-type'}
        try:
            logger.info(f"发送PDF对比请求，URL: {compare_url}")
            logger.info(f"文件1: {file_path}")
            logger.info(f"文件2: {originalPdf_path}")
            resu_response = requests.post(url=compare_url,files=files,headers=upload_headers,timeout=60)
            #time.sleep(3)
            # 验证HTTP状态码
            if resu_response.status_code != 200:
                pytest.fail(f"HTTP请求失败，状态码: {resu_response.status_code}, 响应内容: {resu_response.text[:200]}")
    
            content_type = resu_response.headers.get('Content-Type', '')
            logger.info(f"响应 Content-Type: {content_type}")
            if 'zip' not in content_type.lower() and 'octet-stream' not in content_type.lower():
                logger.error(f"预期ZIP类型响应，实际返回 Content-Type={content_type}，响应前200字符：{resu_response.text[:200]}")
                pytest.fail(f"预期ZIP类型响应，实际返回 Content-Type={content_type}")
    
            if len(resu_response.content) &lt; 4 or not resu_response.content.startswith(b'PK'):
                snippet = resu_response.content[:256].decode('utf-8', errors='replace')
                pytest.fail(f"响应内容不是有效ZIP文件，前256字节：{snippet}")
    
            file_base = os.path.basename(file_path)
            # 去掉原有 .zip 后缀，避免生成 DYMB_001.zip.zip 双重后缀
            file_stem = file_base[:-4] if file_base.lower().endswith('.zip') else file_base
            # 保存到当前测试文件所在目录，避免污染项目根目录
            output_dir = os.path.dirname(os.path.abspath(__file__))
            output_zip_path = os.path.join(output_dir, f"temp_output_{file_stem}.zip")
    
            allure.step("保存响应数据到本地文件")
            logger.info("保存响应数据到本地文件")
            logger.info(f"HTTP状态码: {resu_response.status_code}")
            logger.info(f"响应内容长度: {len(resu_response.content)}")
            with open(output_zip_path,'wb') as f:
                f.write(resu_response.content)
                logger.info(f"响应数据已保存到: {output_zip_path}")
    
            allure.step(f"提取{file_path}的对比result结果")
            logger.info(f"提取{file_path}的对比result结果")
            with zipfile.ZipFile(output_zip_path,'r') as zip_f:
                if "result.txt" not in zip_f.namelist():
                    pytest.fail("结果ZIP包中缺少 result.txt")
                with zip_f.open('result.txt') as res:
                    content = res.read().decode('utf-8')
                    logger.info(f"result.txt内容: {content[:500]}")
                    if excepted_result in content:
                        assert True
                    else:
&gt;                       pytest.fail(f'Expected {excepted_result} not found in result.txt')
E                       Failed: Expected :consistent not found in result.txt

test_cases\test_api\test_print_api.py:197: Failed</failure></testcase><testcase classname="test_cases.test_api.test_print_api" name="test_pdf_compare[E:\\compare\\compare_json\\DYMB_043.zip-E:\\compare\\compare_pdf\\DYMB_043.zip-:consistent]" time="0.245"><failure message="Failed: Expected :consistent not found in result.txt">common_headers = {'Cookie': 'yht_usertoken_diwork=mVrooyOh97oh03qGGu0Zz1so%2F9EsyRYFvJ1syUFrmAOMnwZp2RhUqVjs5yWhHCExGmQq12XEvRNiopMRKzj...vs7at44x', 'accept': '*/*', 'accept-language': 'zh,zh-CN;q=0.9', 'content-type': 'application/json;charset=UTF-8', ...}
file_path = 'E:\\compare\\compare_json\\DYMB_043.zip'
originalPdf_path = 'E:\\compare\\compare_pdf\\DYMB_043.zip'
excepted_result = ':consistent'

    @allure.epic("API自动化")
    @allure.feature("基础接口")
    @allure.story("compare接口场景执行")
    @pytest.mark.parametrize("file_path,originalPdf_path,excepted_result",load_test_data(csv_file_path))
    @pytest.mark.api
    def test_pdf_compare(common_headers,file_path,originalPdf_path,excepted_result):
        allure.step("检查json文件是否存在")
        if not os.path.exists(file_path):
            print(f"依赖的json文件路径{file_path}不存在")
        allure.step("检查pdf文件是否存在")
        if not os.path.exists(originalPdf_path):
            print(f"对比依赖的原pdf文件路径{originalPdf_path}不存在")
        compare_url = "https://c2.yonyoucloud.com/iuap-apcom-print/iuap-print-pdf/pdf/generate/compare"
        files = {
            'file':(os.path.basename(file_path),open(file_path,'rb')),
            'originalPdf':(os.path.basename(originalPdf_path),open(originalPdf_path,'rb'))
        }
        # 文件上传接口不能带 content-type: application/json，需移除，让 requests 自动设置 multipart/form-data
        upload_headers = {k: v for k, v in common_headers.items() if k.lower() != 'content-type'}
        try:
            logger.info(f"发送PDF对比请求，URL: {compare_url}")
            logger.info(f"文件1: {file_path}")
            logger.info(f"文件2: {originalPdf_path}")
            resu_response = requests.post(url=compare_url,files=files,headers=upload_headers,timeout=60)
            #time.sleep(3)
            # 验证HTTP状态码
            if resu_response.status_code != 200:
                pytest.fail(f"HTTP请求失败，状态码: {resu_response.status_code}, 响应内容: {resu_response.text[:200]}")
    
            content_type = resu_response.headers.get('Content-Type', '')
            logger.info(f"响应 Content-Type: {content_type}")
            if 'zip' not in content_type.lower() and 'octet-stream' not in content_type.lower():
                logger.error(f"预期ZIP类型响应，实际返回 Content-Type={content_type}，响应前200字符：{resu_response.text[:200]}")
                pytest.fail(f"预期ZIP类型响应，实际返回 Content-Type={content_type}")
    
            if len(resu_response.content) &lt; 4 or not resu_response.content.startswith(b'PK'):
                snippet = resu_response.content[:256].decode('utf-8', errors='replace')
                pytest.fail(f"响应内容不是有效ZIP文件，前256字节：{snippet}")
    
            file_base = os.path.basename(file_path)
            # 去掉原有 .zip 后缀，避免生成 DYMB_001.zip.zip 双重后缀
            file_stem = file_base[:-4] if file_base.lower().endswith('.zip') else file_base
            # 保存到当前测试文件所在目录，避免污染项目根目录
            output_dir = os.path.dirname(os.path.abspath(__file__))
            output_zip_path = os.path.join(output_dir, f"temp_output_{file_stem}.zip")
    
            allure.step("保存响应数据到本地文件")
            logger.info("保存响应数据到本地文件")
            logger.info(f"HTTP状态码: {resu_response.status_code}")
            logger.info(f"响应内容长度: {len(resu_response.content)}")
            with open(output_zip_path,'wb') as f:
                f.write(resu_response.content)
                logger.info(f"响应数据已保存到: {output_zip_path}")
    
            allure.step(f"提取{file_path}的对比result结果")
            logger.info(f"提取{file_path}的对比result结果")
            with zipfile.ZipFile(output_zip_path,'r') as zip_f:
                if "result.txt" not in zip_f.namelist():
                    pytest.fail("结果ZIP包中缺少 result.txt")
                with zip_f.open('result.txt') as res:
                    content = res.read().decode('utf-8')
                    logger.info(f"result.txt内容: {content[:500]}")
                    if excepted_result in content:
                        assert True
                    else:
&gt;                       pytest.fail(f'Expected {excepted_result} not found in result.txt')
E                       Failed: Expected :consistent not found in result.txt

test_cases\test_api\test_print_api.py:197: Failed</failure></testcase><testcase classname="test_cases.test_api.test_print_api" name="test_pdf_compare[E:\\compare\\compare_json\\DYMB_029.zip-E:\\compare\\compare_pdf\\DYMB_029.zip-:consistent]" time="0.233"><failure message="Failed: Expected :consistent not found in result.txt">common_headers = {'Cookie': 'yht_usertoken_diwork=mVrooyOh97oh03qGGu0Zz1so%2F9EsyRYFvJ1syUFrmAOMnwZp2RhUqVjs5yWhHCExGmQq12XEvRNiopMRKzj...vs7at44x', 'accept': '*/*', 'accept-language': 'zh,zh-CN;q=0.9', 'content-type': 'application/json;charset=UTF-8', ...}
file_path = 'E:\\compare\\compare_json\\DYMB_029.zip'
originalPdf_path = 'E:\\compare\\compare_pdf\\DYMB_029.zip'
excepted_result = ':consistent'

    @allure.epic("API自动化")
    @allure.feature("基础接口")
    @allure.story("compare接口场景执行")
    @pytest.mark.parametrize("file_path,originalPdf_path,excepted_result",load_test_data(csv_file_path))
    @pytest.mark.api
    def test_pdf_compare(common_headers,file_path,originalPdf_path,excepted_result):
        allure.step("检查json文件是否存在")
        if not os.path.exists(file_path):
            print(f"依赖的json文件路径{file_path}不存在")
        allure.step("检查pdf文件是否存在")
        if not os.path.exists(originalPdf_path):
            print(f"对比依赖的原pdf文件路径{originalPdf_path}不存在")
        compare_url = "https://c2.yonyoucloud.com/iuap-apcom-print/iuap-print-pdf/pdf/generate/compare"
        files = {
            'file':(os.path.basename(file_path),open(file_path,'rb')),
            'originalPdf':(os.path.basename(originalPdf_path),open(originalPdf_path,'rb'))
        }
        # 文件上传接口不能带 content-type: application/json，需移除，让 requests 自动设置 multipart/form-data
        upload_headers = {k: v for k, v in common_headers.items() if k.lower() != 'content-type'}
        try:
            logger.info(f"发送PDF对比请求，URL: {compare_url}")
            logger.info(f"文件1: {file_path}")
            logger.info(f"文件2: {originalPdf_path}")
            resu_response = requests.post(url=compare_url,files=files,headers=upload_headers,timeout=60)
            #time.sleep(3)
            # 验证HTTP状态码
            if resu_response.status_code != 200:
                pytest.fail(f"HTTP请求失败，状态码: {resu_response.status_code}, 响应内容: {resu_response.text[:200]}")
    
            content_type = resu_response.headers.get('Content-Type', '')
            logger.info(f"响应 Content-Type: {content_type}")
            if 'zip' not in content_type.lower() and 'octet-stream' not in content_type.lower():
                logger.error(f"预期ZIP类型响应，实际返回 Content-Type={content_type}，响应前200字符：{resu_response.text[:200]}")
                pytest.fail(f"预期ZIP类型响应，实际返回 Content-Type={content_type}")
    
            if len(resu_response.content) &lt; 4 or not resu_response.content.startswith(b'PK'):
                snippet = resu_response.content[:256].decode('utf-8', errors='replace')
                pytest.fail(f"响应内容不是有效ZIP文件，前256字节：{snippet}")
    
            file_base = os.path.basename(file_path)
            # 去掉原有 .zip 后缀，避免生成 DYMB_001.zip.zip 双重后缀
            file_stem = file_base[:-4] if file_base.lower().endswith('.zip') else file_base
            # 保存到当前测试文件所在目录，避免污染项目根目录
            output_dir = os.path.dirname(os.path.abspath(__file__))
            output_zip_path = os.path.join(output_dir, f"temp_output_{file_stem}.zip")
    
            allure.step("保存响应数据到本地文件")
            logger.info("保存响应数据到本地文件")
            logger.info(f"HTTP状态码: {resu_response.status_code}")
            logger.info(f"响应内容长度: {len(resu_response.content)}")
            with open(output_zip_path,'wb') as f:
                f.write(resu_response.content)
                logger.info(f"响应数据已保存到: {output_zip_path}")
    
            allure.step(f"提取{file_path}的对比result结果")
            logger.info(f"提取{file_path}的对比result结果")
            with zipfile.ZipFile(output_zip_path,'r') as zip_f:
                if "result.txt" not in zip_f.namelist():
                    pytest.fail("结果ZIP包中缺少 result.txt")
                with zip_f.open('result.txt') as res:
                    content = res.read().decode('utf-8')
                    logger.info(f"result.txt内容: {content[:500]}")
                    if excepted_result in content:
                        assert True
                    else:
&gt;                       pytest.fail(f'Expected {excepted_result} not found in result.txt')
E                       Failed: Expected :consistent not found in result.txt

test_cases\test_api\test_print_api.py:197: Failed</failure></testcase><testcase classname="test_cases.test_api.test_print_api" name="test_pdf_compare[E:\\compare\\compare_json\\DYMB_054.zip-E:\\compare\\compare_pdf\\DYMB_054.zip-:consistent]" time="0.202"><failure message="Failed: Expected :consistent not found in result.txt">common_headers = {'Cookie': 'yht_usertoken_diwork=mVrooyOh97oh03qGGu0Zz1so%2F9EsyRYFvJ1syUFrmAOMnwZp2RhUqVjs5yWhHCExGmQq12XEvRNiopMRKzj...vs7at44x', 'accept': '*/*', 'accept-language': 'zh,zh-CN;q=0.9', 'content-type': 'application/json;charset=UTF-8', ...}
file_path = 'E:\\compare\\compare_json\\DYMB_054.zip'
originalPdf_path = 'E:\\compare\\compare_pdf\\DYMB_054.zip'
excepted_result = ':consistent'

    @allure.epic("API自动化")
    @allure.feature("基础接口")
    @allure.story("compare接口场景执行")
    @pytest.mark.parametrize("file_path,originalPdf_path,excepted_result",load_test_data(csv_file_path))
    @pytest.mark.api
    def test_pdf_compare(common_headers,file_path,originalPdf_path,excepted_result):
        allure.step("检查json文件是否存在")
        if not os.path.exists(file_path):
            print(f"依赖的json文件路径{file_path}不存在")
        allure.step("检查pdf文件是否存在")
        if not os.path.exists(originalPdf_path):
            print(f"对比依赖的原pdf文件路径{originalPdf_path}不存在")
        compare_url = "https://c2.yonyoucloud.com/iuap-apcom-print/iuap-print-pdf/pdf/generate/compare"
        files = {
            'file':(os.path.basename(file_path),open(file_path,'rb')),
            'originalPdf':(os.path.basename(originalPdf_path),open(originalPdf_path,'rb'))
        }
        # 文件上传接口不能带 content-type: application/json，需移除，让 requests 自动设置 multipart/form-data
        upload_headers = {k: v for k, v in common_headers.items() if k.lower() != 'content-type'}
        try:
            logger.info(f"发送PDF对比请求，URL: {compare_url}")
            logger.info(f"文件1: {file_path}")
            logger.info(f"文件2: {originalPdf_path}")
            resu_response = requests.post(url=compare_url,files=files,headers=upload_headers,timeout=60)
            #time.sleep(3)
            # 验证HTTP状态码
            if resu_response.status_code != 200:
                pytest.fail(f"HTTP请求失败，状态码: {resu_response.status_code}, 响应内容: {resu_response.text[:200]}")
    
            content_type = resu_response.headers.get('Content-Type', '')
            logger.info(f"响应 Content-Type: {content_type}")
            if 'zip' not in content_type.lower() and 'octet-stream' not in content_type.lower():
                logger.error(f"预期ZIP类型响应，实际返回 Content-Type={content_type}，响应前200字符：{resu_response.text[:200]}")
                pytest.fail(f"预期ZIP类型响应，实际返回 Content-Type={content_type}")
    
            if len(resu_response.content) &lt; 4 or not resu_response.content.startswith(b'PK'):
                snippet = resu_response.content[:256].decode('utf-8', errors='replace')
                pytest.fail(f"响应内容不是有效ZIP文件，前256字节：{snippet}")
    
            file_base = os.path.basename(file_path)
            # 去掉原有 .zip 后缀，避免生成 DYMB_001.zip.zip 双重后缀
            file_stem = file_base[:-4] if file_base.lower().endswith('.zip') else file_base
            # 保存到当前测试文件所在目录，避免污染项目根目录
            output_dir = os.path.dirname(os.path.abspath(__file__))
            output_zip_path = os.path.join(output_dir, f"temp_output_{file_stem}.zip")
    
            allure.step("保存响应数据到本地文件")
            logger.info("保存响应数据到本地文件")
            logger.info(f"HTTP状态码: {resu_response.status_code}")
            logger.info(f"响应内容长度: {len(resu_response.content)}")
            with open(output_zip_path,'wb') as f:
                f.write(resu_response.content)
                logger.info(f"响应数据已保存到: {output_zip_path}")
    
            allure.step(f"提取{file_path}的对比result结果")
            logger.info(f"提取{file_path}的对比result结果")
            with zipfile.ZipFile(output_zip_path,'r') as zip_f:
                if "result.txt" not in zip_f.namelist():
                    pytest.fail("结果ZIP包中缺少 result.txt")
                with zip_f.open('result.txt') as res:
                    content = res.read().decode('utf-8')
                    logger.info(f"result.txt内容: {content[:500]}")
                    if excepted_result in content:
                        assert True
                    else:
&gt;                       pytest.fail(f'Expected {excepted_result} not found in result.txt')
E                       Failed: Expected :consistent not found in result.txt

test_cases\test_api\test_print_api.py:197: Failed</failure></testcase><testcase classname="test_cases.test_api.test_print_api" name="test_pdf_compare[E:\\compare\\compare_json\\DYMB_055.zip-E:\\compare\\compare_pdf\\DYMB_055.zip-:consistent]" time="0.236"><failure message="Failed: Expected :consistent not found in result.txt">common_headers = {'Cookie': 'yht_usertoken_diwork=mVrooyOh97oh03qGGu0Zz1so%2F9EsyRYFvJ1syUFrmAOMnwZp2RhUqVjs5yWhHCExGmQq12XEvRNiopMRKzj...vs7at44x', 'accept': '*/*', 'accept-language': 'zh,zh-CN;q=0.9', 'content-type': 'application/json;charset=UTF-8', ...}
file_path = 'E:\\compare\\compare_json\\DYMB_055.zip'
originalPdf_path = 'E:\\compare\\compare_pdf\\DYMB_055.zip'
excepted_result = ':consistent'

    @allure.epic("API自动化")
    @allure.feature("基础接口")
    @allure.story("compare接口场景执行")
    @pytest.mark.parametrize("file_path,originalPdf_path,excepted_result",load_test_data(csv_file_path))
    @pytest.mark.api
    def test_pdf_compare(common_headers,file_path,originalPdf_path,excepted_result):
        allure.step("检查json文件是否存在")
        if not os.path.exists(file_path):
            print(f"依赖的json文件路径{file_path}不存在")
        allure.step("检查pdf文件是否存在")
        if not os.path.exists(originalPdf_path):
            print(f"对比依赖的原pdf文件路径{originalPdf_path}不存在")
        compare_url = "https://c2.yonyoucloud.com/iuap-apcom-print/iuap-print-pdf/pdf/generate/compare"
        files = {
            'file':(os.path.basename(file_path),open(file_path,'rb')),
            'originalPdf':(os.path.basename(originalPdf_path),open(originalPdf_path,'rb'))
        }
        # 文件上传接口不能带 content-type: application/json，需移除，让 requests 自动设置 multipart/form-data
        upload_headers = {k: v for k, v in common_headers.items() if k.lower() != 'content-type'}
        try:
            logger.info(f"发送PDF对比请求，URL: {compare_url}")
            logger.info(f"文件1: {file_path}")
            logger.info(f"文件2: {originalPdf_path}")
            resu_response = requests.post(url=compare_url,files=files,headers=upload_headers,timeout=60)
            #time.sleep(3)
            # 验证HTTP状态码
            if resu_response.status_code != 200:
                pytest.fail(f"HTTP请求失败，状态码: {resu_response.status_code}, 响应内容: {resu_response.text[:200]}")
    
            content_type = resu_response.headers.get('Content-Type', '')
            logger.info(f"响应 Content-Type: {content_type}")
            if 'zip' not in content_type.lower() and 'octet-stream' not in content_type.lower():
                logger.error(f"预期ZIP类型响应，实际返回 Content-Type={content_type}，响应前200字符：{resu_response.text[:200]}")
                pytest.fail(f"预期ZIP类型响应，实际返回 Content-Type={content_type}")
    
            if len(resu_response.content) &lt; 4 or not resu_response.content.startswith(b'PK'):
                snippet = resu_response.content[:256].decode('utf-8', errors='replace')
                pytest.fail(f"响应内容不是有效ZIP文件，前256字节：{snippet}")
    
            file_base = os.path.basename(file_path)
            # 去掉原有 .zip 后缀，避免生成 DYMB_001.zip.zip 双重后缀
            file_stem = file_base[:-4] if file_base.lower().endswith('.zip') else file_base
            # 保存到当前测试文件所在目录，避免污染项目根目录
            output_dir = os.path.dirname(os.path.abspath(__file__))
            output_zip_path = os.path.join(output_dir, f"temp_output_{file_stem}.zip")
    
            allure.step("保存响应数据到本地文件")
            logger.info("保存响应数据到本地文件")
            logger.info(f"HTTP状态码: {resu_response.status_code}")
            logger.info(f"响应内容长度: {len(resu_response.content)}")
            with open(output_zip_path,'wb') as f:
                f.write(resu_response.content)
                logger.info(f"响应数据已保存到: {output_zip_path}")
    
            allure.step(f"提取{file_path}的对比result结果")
            logger.info(f"提取{file_path}的对比result结果")
            with zipfile.ZipFile(output_zip_path,'r') as zip_f:
                if "result.txt" not in zip_f.namelist():
                    pytest.fail("结果ZIP包中缺少 result.txt")
                with zip_f.open('result.txt') as res:
                    content = res.read().decode('utf-8')
                    logger.info(f"result.txt内容: {content[:500]}")
                    if excepted_result in content:
                        assert True
                    else:
&gt;                       pytest.fail(f'Expected {excepted_result} not found in result.txt')
E                       Failed: Expected :consistent not found in result.txt

test_cases\test_api\test_print_api.py:197: Failed</failure></testcase><testcase classname="test_cases.test_api.test_print_api" name="test_pdf_compare[E:\\compare\\compare_json\\DYMB_044.zip-E:\\compare\\compare_pdf\\DYMB_044.zip-:consistent]" time="0.218"><failure message="Failed: Expected :consistent not found in result.txt">common_headers = {'Cookie': 'yht_usertoken_diwork=mVrooyOh97oh03qGGu0Zz1so%2F9EsyRYFvJ1syUFrmAOMnwZp2RhUqVjs5yWhHCExGmQq12XEvRNiopMRKzj...vs7at44x', 'accept': '*/*', 'accept-language': 'zh,zh-CN;q=0.9', 'content-type': 'application/json;charset=UTF-8', ...}
file_path = 'E:\\compare\\compare_json\\DYMB_044.zip'
originalPdf_path = 'E:\\compare\\compare_pdf\\DYMB_044.zip'
excepted_result = ':consistent'

    @allure.epic("API自动化")
    @allure.feature("基础接口")
    @allure.story("compare接口场景执行")
    @pytest.mark.parametrize("file_path,originalPdf_path,excepted_result",load_test_data(csv_file_path))
    @pytest.mark.api
    def test_pdf_compare(common_headers,file_path,originalPdf_path,excepted_result):
        allure.step("检查json文件是否存在")
        if not os.path.exists(file_path):
            print(f"依赖的json文件路径{file_path}不存在")
        allure.step("检查pdf文件是否存在")
        if not os.path.exists(originalPdf_path):
            print(f"对比依赖的原pdf文件路径{originalPdf_path}不存在")
        compare_url = "https://c2.yonyoucloud.com/iuap-apcom-print/iuap-print-pdf/pdf/generate/compare"
        files = {
            'file':(os.path.basename(file_path),open(file_path,'rb')),
            'originalPdf':(os.path.basename(originalPdf_path),open(originalPdf_path,'rb'))
        }
        # 文件上传接口不能带 content-type: application/json，需移除，让 requests 自动设置 multipart/form-data
        upload_headers = {k: v for k, v in common_headers.items() if k.lower() != 'content-type'}
        try:
            logger.info(f"发送PDF对比请求，URL: {compare_url}")
            logger.info(f"文件1: {file_path}")
[...]
                snippet = resu_response.content[:256].decode('utf-8', errors='replace')
                pytest.fail(f"响应内容不是有效ZIP文件，前256字节：{snippet}")
    
            file_base = os.path.basename(file_path)
            # 去掉原有 .zip 后缀，避免生成 DYMB_001.zip.zip 双重后缀
            file_stem = file_base[:-4] if file_base.lower().endswith('.zip') else file_base
            # 保存到当前测试文件所在目录，避免污染项目根目录
            output_dir = os.path.dirname(os.path.abspath(__file__))
            output_zip_path = os.path.join(output_dir, f"temp_output_{file_stem}.zip")
    
            allure.step("保存响应数据到本地文件")
            logger.info("保存响应数据到本地文件")
            logger.info(f"HTTP状态码: {resu_response.status_code}")
            logger.info(f"响应内容长度: {len(resu_response.content)}")
            with open(output_zip_path,'wb') as f:
                f.write(resu_response.content)
                logger.info(f"响应数据已保存到: {output_zip_path}")
    
            allure.step(f"提取{file_path}的对比result结果")
            logger.info(f"提取{file_path}的对比result结果")
            with zipfile.ZipFile(output_zip_path,'r') as zip_f:
                if "result.txt" not in zip_f.namelist():
                    pytest.fail("结果ZIP包中缺少 result.txt")
                with zip_f.open('result.txt') as res:
                    content = res.read().decode('utf-8')
                    logger.info(f"result.txt内容: {content[:500]}")
                    if excepted_result in content:
                        assert True
                    else:
&gt;                       pytest.fail(f'Expected {excepted_result} not found in result.txt')
E                       Failed: Expected :inconsistent not found in result.txt

test_cases\test_api\test_print_api.py:197: Failed</failure></testcase><testcase classname="test_cases.test_api.test_print_api" name="test_pdf_compare[E:\\compare\\compare_json\\DYMB_118.zip-E:\\compare\\compare_pdf\\DYMB_118.zip-:inconsistent]" time="0.204"><failure message="Failed: Expected :inconsistent not found in result.txt">common_headers = {'Cookie': 'yht_usertoken_diwork=mVrooyOh97oh03qGGu0Zz1so%2F9EsyRYFvJ1syUFrmAOMnwZp2RhUqVjs5yWhHCExGmQq12XEvRNiopMRKzj...vs7at44x', 'accept': '*/*', 'accept-language': 'zh,zh-CN;q=0.9', 'content-type': 'application/json;charset=UTF-8', ...}
file_path = 'E:\\compare\\compare_json\\DYMB_118.zip'
originalPdf_path = 'E:\\compare\\compare_pdf\\DYMB_118.zip'
excepted_result = ':inconsistent'

    @allure.epic("API自动化")
    @allure.feature("基础接口")
    @allure.story("compare接口场景执行")
    @pytest.mark.parametrize("file_path,originalPdf_path,excepted_result",load_test_data(csv_file_path))
    @pytest.mark.api
    def test_pdf_compare(common_headers,file_path,originalPdf_path,excepted_result):
        allure.step("检查json文件是否存在")
        if not os.path.exists(file_path):
            print(f"依赖的json文件路径{file_path}不存在")
        allure.step("检查pdf文件是否存在")
        if not os.path.exists(originalPdf_path):
            print(f"对比依赖的原pdf文件路径{originalPdf_path}不存在")
        compare_url = "https://c2.yonyoucloud.com/iuap-apcom-print/iuap-print-pdf/pdf/generate/compare"
        files = {
            'file':(os.path.basename(file_path),open(file_path,'rb')),
            'originalPdf':(os.path.basename(originalPdf_path),open(originalPdf_path,'rb'))
        }
        # 文件上传接口不能带 content-type: application/json，需移除，让 requests 自动设置 multipart/form-data
        upload_headers = {k: v for k, v in common_headers.items() if k.lower() != 'content-type'}
        try:
            logger.info(f"发送PDF对比请求，URL: {compare_url}")
            logger.info(f"文件1: {file_path}")
            logger.info(f"文件2: {originalPdf_path}")
            resu_response = requests.post(url=compare_url,files=files,headers=upload_headers,timeout=60)
            #time.sleep(3)
            # 验证HTTP状态码
            if resu_response.status_code != 200:
                pytest.fail(f"HTTP请求失败，状态码: {resu_response.status_code}, 响应内容: {resu_response.text[:200]}")
    
            content_type = resu_response.headers.get('Content-Type', '')
            logger.info(f"响应 Content-Type: {content_type}")
            if 'zip' not in content_type.lower() and 'octet-stream' not in content_type.lower():
                logger.error(f"预期ZIP类型响应，实际返回 Content-Type={content_type}，响应前200字符：{resu_response.text[:200]}")
                pytest.fail(f"预期ZIP类型响应，实际返回 Content-Type={content_type}")
    
            if len(resu_response.content) &lt; 4 or not resu_response.content.startswith(b'PK'):
                snippet = resu_response.content[:256].decode('utf-8', errors='replace')
                pytest.fail(f"响应内容不是有效ZIP文件，前256字节：{snippet}")
    
            file_base = os.path.basename(file_path)
            # 去掉原有 .zip 后缀，避免生成 DYMB_001.zip.zip 双重后缀
            file_stem = file_base[:-4] if file_base.lower().endswith('.zip') else file_base
            # 保存到当前测试文件所在目录，避免污染项目根目录
            output_dir = os.path.dirname(os.path.abspath(__file__))
            output_zip_path = os.path.join(output_dir, f"temp_output_{file_stem}.zip")
    
            allure.step("保存响应数据到本地文件")
            logger.info("保存响应数据到本地文件")
            logger.info(f"HTTP状态码: {resu_response.status_code}")
            logger.info(f"响应内容长度: {len(resu_response.content)}")
            with open(output_zip_path,'wb') as f:
                f.write(resu_response.content)
                logger.info(f"响应数据已保存到: {output_zip_path}")
    
            allure.step(f"提取{file_path}的对比result结果")
            logger.info(f"提取{file_path}的对比result结果")
            with zipfile.ZipFile(output_zip_path,'r') as zip_f:
                if "result.txt" not in zip_f.namelist():
                    pytest.fail("结果ZIP包中缺少 result.txt")
                with zip_f.open('result.txt') as res:
                    content = res.read().decode('utf-8')
                    logger.info(f"result.txt内容: {content[:500]}")
                    if excepted_result in content:
                        assert True
                    else:
&gt;                       pytest.fail(f'Expected {excepted_result} not found in result.txt')
E                       Failed: Expected :inconsistent not found in result.txt

test_cases\test_api\test_print_api.py:197: Failed</failure></testcase><testcase classname="test_cases.test_api.test_print_api" name="test_pdf_compare[E:\\compare\\compare_json\\DYMB_119.zip-E:\\compare\\compare_pdf\\DYMB_119.zip-:inconsistent]" time="0.227"><failure message="Failed: Expected :inconsistent not found in result.txt">common_headers = {'Cookie': 'yht_usertoken_diwork=mVrooyOh97oh03qGGu0Zz1so%2F9EsyRYFvJ1syUFrmAOMnwZp2RhUqVjs5yWhHCExGmQq12XEvRNiopMRKzj...vs7at44x', 'accept': '*/*', 'accept-language': 'zh,zh-CN;q=0.9', 'content-type': 'application/json;charset=UTF-8', ...}
file_path = 'E:\\compare\\compare_json\\DYMB_119.zip'
originalPdf_path = 'E:\\compare\\compare_pdf\\DYMB_119.zip'
excepted_result = ':inconsistent'

    @allure.epic("API自动化")
    @allure.feature("基础接口")
    @allure.story("compare接口场景执行")
    @pytest.mark.parametrize("file_path,originalPdf_path,excepted_result",load_test_data(csv_file_path))
    @pytest.mark.api
    def test_pdf_compare(common_headers,file_path,originalPdf_path,excepted_result):
        allure.step("检查json文件是否存在")
        if not os.path.exists(file_path):
            print(f"依赖的json文件路径{file_path}不存在")
        allure.step("检查pdf文件是否存在")
        if not os.path.exists(originalPdf_path):
            print(f"对比依赖的原pdf文件路径{originalPdf_path}不存在")
        compare_url = "https://c2.yonyoucloud.com/iuap-apcom-print/iuap-print-pdf/pdf/generate/compare"
        files = {
            'file':(os.path.basename(file_path),open(file_path,'rb')),
            'originalPdf':(os.path.basename(originalPdf_path),open(originalPdf_path,'rb'))
        }
        # 文件上传接口不能带 content-type: application/json，需移除，让 requests 自动设置 multipart/form-data
        upload_headers = {k: v for k, v in common_headers.items() if k.lower() != 'content-type'}
        try:
            logger.info(f"发送PDF对比请求，URL: {compare_url}")
            logger.info(f"文件1: {file_path}")
            logger.info(f"文件2: {originalPdf_path}")
            resu_response = requests.post(url=compare_url,files=files,headers=upload_headers,timeout=60)
            #time.sleep(3)
            # 验证HTTP状态码
            if resu_response.status_code != 200:
                pytest.fail(f"HTTP请求失败，状态码: {resu_response.status_code}, 响应内容: {resu_response.text[:200]}")
    
            content_type = resu_response.headers.get('Content-Type', '')
            logger.info(f"响应 Content-Type: {content_type}")
            if 'zip' not in content_type.lower() and 'octet-stream' not in content_type.lower():
                logger.error(f"预期ZIP类型响应，实际返回 Content-Type={content_type}，响应前200字符：{resu_response.text[:200]}")
                pytest.fail(f"预期ZIP类型响应，实际返回 Content-Type={content_type}")
    
            if len(resu_response.content) &lt; 4 or not resu_response.content.startswith(b'PK'):
                snippet = resu_response.content[:256].decode('utf-8', errors='replace')
                pytest.fail(f"响应内容不是有效ZIP文件，前256字节：{snippet}")
    
            file_base = os.path.basename(file_path)
            # 去掉原有 .zip 后缀，避免生成 DYMB_001.zip.zip 双重后缀
            file_stem = file_base[:-4] if file_base.lower().endswith('.zip') else file_base
            # 保存到当前测试文件所在目录，避免污染项目根目录
            output_dir = os.path.dirname(os.path.abspath(__file__))
            output_zip_path = os.path.join(output_dir, f"temp_output_{file_stem}.zip")
    
            allure.step("保存响应数据到本地文件")
            logger.info("保存响应数据到本地文件")
            logger.info(f"HTTP状态码: {resu_response.status_code}")
            logger.info(f"响应内容长度: {len(resu_response.content)}")
            with open(output_zip_path,'wb') as f:
                f.write(resu_response.content)
                logger.info(f"响应数据已保存到: {output_zip_path}")
    
            allure.step(f"提取{file_path}的对比result结果")
            logger.info(f"提取{file_path}的对比result结果")
            with zipfile.ZipFile(output_zip_path,'r') as zip_f:
                if "result.txt" not in zip_f.namelist():
                    pytest.fail("结果ZIP包中缺少 result.txt")
                with zip_f.open('result.txt') as res:
                    content = res.read().decode('utf-8')
                    logger.info(f"result.txt内容: {content[:500]}")
                    if excepted_result in content:
                        assert True
                    else:
&gt;                       pytest.fail(f'Expected {excepted_result} not found in result.txt')
E                       Failed: Expected :inconsistent not found in result.txt

test_cases\test_api\test_print_api.py:197: Failed</failure></testcase><testcase classname="test_cases.test_api.test_print_api" name="test_pdf_compare[E:\\compare\\compare_json\\DYMB_120.zip-E:\\compare\\compare_pdf\\DYMB_120.zip-:consistent]" time="0.190"><failure message="Failed: Expected :consistent not found in result.txt">common_headers = {'Cookie': 'yht_usertoken_diwork=mVrooyOh97oh03qGGu0Zz1so%2F9EsyRYFvJ1syUFrmAOMnwZp2RhUqVjs5yWhHCExGmQq12XEvRNiopMRKzj...vs7at44x', 'accept': '*/*', 'accept-language': 'zh,zh-CN;q=0.9', 'content-type': 'application/json;charset=UTF-8', ...}
file_path = 'E:\\compare\\compare_json\\DYMB_120.zip'
originalPdf_path = 'E:\\compare\\compare_pdf\\DYMB_120.zip'
excepted_result = ':consistent'

    @allure.epic("API自动化")
    @allure.feature("基础接口")
    @allure.story("compare接口场景执行")
    @pytest.mark.parametrize("file_path,originalPdf_path,excepted_result",load_test_data(csv_file_path))
    @pytest.mark.api
    def test_pdf_compare(common_headers,file_path,originalPdf_path,excepted_result):
        allure.step("检查json文件是否存在")
        if not os.path.exists(file_path):
            print(f"依赖的json文件路径{file_path}不存在")
        allure.step("检查pdf文件是否存在")
        if not os.path.exists(originalPdf_path):
            print(f"对比依赖的原pdf文件路径{originalPdf_path}不存在")
        compare_url = "https://c2.yonyoucloud.com/iuap-apcom-print/iuap-print-pdf/pdf/generate/compare"
        files = {
            'file':(os.path.basename(file_path),open(file_path,'rb')),
            'originalPdf':(os.path.basename(originalPdf_path),open(originalPdf_path,'rb'))
        }
        # 文件上传接口不能带 content-type: application/json，需移除，让 requests 自动设置 multipart/form-data
        upload_headers = {k: v for k, v in common_headers.items() if k.lower() != 'content-type'}
        try:
            logger.info(f"发送PDF对比请求，URL: {compare_url}")
            logger.info(f"文件1: {file_path}")
            logger.info(f"文件2: {originalPdf_path}")
            resu_response = requests.post(url=compare_url,files=files,headers=upload_headers,timeout=60)
            #time.sleep(3)
            # 验证HTTP状态码
            if resu_response.status_code != 200:
                pytest.fail(f"HTTP请求失败，状态码: {resu_response.status_code}, 响应内容: {resu_response.text[:200]}")
    
            content_type = resu_response.headers.get('Content-Type', '')
            logger.info(f"响应 Content-Type: {content_type}")
            if 'zip' not in content_type.lower() and 'octet-stream' not in content_type.lower():
                logger.error(f"预期ZIP类型响应，实际返回 Content-Type={content_type}，响应前200字符：{resu_response.text[:200]}")
                pytest.fail(f"预期ZIP类型响应，实际返回 Content-Type={content_type}")
    
            if len(resu_response.content) &lt; 4 or not resu_response.content.startswith(b'PK'):
                snippet = resu_response.content[:256].decode('utf-8', errors='replace')
                pytest.fail(f"响应内容不是有效ZIP文件，前256字节：{snippet}")
    
            file_base = os.path.basename(file_path)
            # 去掉原有 .zip 后缀，避免生成 DYMB_001.zip.zip 双重后缀
            file_stem = file_base[:-4] if file_base.lower().endswith('.zip') else file_base
            # 保存到当前测试文件所在目录，避免污染项目根目录
            output_dir = os.path.dirname(os.path.abspath(__file__))
            output_zip_path = os.path.join(output_dir, f"temp_output_{file_stem}.zip")
    
            allure.step("保存响应数据到本地文件")
            logger.info("保存响应数据到本地文件")
            logger.info(f"HTTP状态码: {resu_response.status_code}")
            logger.info(f"响应内容长度: {len(resu_response.content)}")
            with open(output_zip_path,'wb') as f:
                f.write(resu_response.content)
                logger.info(f"响应数据已保存到: {output_zip_path}")
    
            allure.step(f"提取{file_path}的对比result结果")
            logger.info(f"提取{file_path}的对比result结果")
            with zipfile.ZipFile(output_zip_path,'r') as zip_f:
                if "result.txt" not in zip_f.namelist():
                    pytest.fail("结果ZIP包中缺少 result.txt")
                with zip_f.open('result.txt') as res:
                    content = res.read().decode('utf-8')
                    logger.info(f"result.txt内容: {content[:500]}")
                    if excepted_result in content:
                        assert True
                    else:
&gt;                       pytest.fail(f'Expected {excepted_result} not found in result.txt')
E                       Failed: Expected :consistent not found in result.txt

test_cases\test_api\test_print_api.py:197: Failed</failure></testcase><testcase classname="test_cases.test_api.test_print_api" name="test_pdf_compare[E:\\compare\\compare_json\\DYMB_121.zip-E:\\compare\\compare_pdf\\DYMB_121.zip-:consistent]" time="0.192"><failure message="Failed: Expected :consistent not found in result.txt">common_headers = {'Cookie': 'yht_usertoken_diwork=mVrooyOh97oh03qGGu0Zz1so%2F9EsyRYFvJ1syUFrmAOMnwZp2RhUqVjs5yWhHCExGmQq12XEvRNiopMRKzj...vs7at44x', 'accept': '*/*', 'accept-language': 'zh,zh-CN;q=0.9', 'content-type': 'application/json;charset=UTF-8', ...}
file_path = 'E:\\compare\\compare_json\\DYMB_121.zip'
originalPdf_path = 'E:\\compare\\compare_pdf\\DYMB_121.zip'
excepted_result = ':consistent'

    @allure.epic("API自动化")
    @allure.feature("基础接口")
    @allure.story("compare接口场景执行")
    @pytest.mark.parametrize("file_path,originalPdf_path,excepted_result",load_test_data(csv_file_path))
    @pytest.mark.api
    def test_pdf_compare(common_headers,file_path,originalPdf_path,excepted_result):
        allure.step("检查json文件是否存在")
        if not os.path.exists(file_path):
            print(f"依赖的json文件路径{file_path}不存在")
        allure.step("检查pdf文件是否存在")
        if not os.path.exists(originalPdf_path):
            print(f"对比依赖的原pdf文件路径{originalPdf_path}不存在")
        compare_url = "https://c2.yonyoucloud.com/iuap-apcom-print/iuap-print-pdf/pdf/generate/compare"
        files = {
            'file':(os.path.basename(file_path),open(file_path,'rb')),
            'originalPdf':(os.path.basename(originalPdf_path),open(originalPdf_path,'rb'))
        }
        # 文件上传接口不能带 content-type: application/json，需移除，让 requests 自动设置 multipart/form-data
        upload_headers = {k: v for k, v in common_headers.items() if k.lower() != 'content-type'}
        try:
            logger.info(f"发送PDF对比请求，URL: {compare_url}")
            logger.info(f"文件1: {file_path}")
            logger.info(f"文件2: {originalPdf_path}")
            resu_response = requests.post(url=compare_url,files=files,headers=upload_headers,timeout=60)
            #time.sleep(3)
            # 验证HTTP状态码
            if resu_response.status_code != 200:
                pytest.fail(f"HTTP请求失败，状态码: {resu_response.status_code}, 响应内容: {resu_response.text[:200]}")
    
            content_type = resu_response.headers.get('Content-Type', '')
            logger.info(f"响应 Content-Type: {content_type}")
            if 'zip' not in content_type.lower() and 'octet-stream' not in content_type.lower():
                logger.error(f"预期ZIP类型响应，实际返回 Content-Type={content_type}，响应前200字符：{resu_response.text[:200]}")
                pytest.fail(f"预期ZIP类型响应，实际返回 Content-Type={content_type}")
    
            if len(resu_response.content) &lt; 4 or not resu_response.content.startswith(b'PK'):
                snippet = resu_response.content[:256].decode('utf-8', errors='replace')
                pytest.fail(f"响应内容不是有效ZIP文件，前256字节：{snippet}")
    
            file_base = os.path.basename(file_path)
            # 去掉原有 .zip 后缀，避免生成 DYMB_001.zip.zip 双重后缀
            file_stem = file_base[:-4] if file_base.lower().endswith('.zip') else file_base
            # 保存到当前测试文件所在目录，避免污染项目根目录
            output_dir = os.path.dirname(os.path.abspath(__file__))
            output_zip_path = os.path.join(output_dir, f"temp_output_{file_stem}.zip")
    
            allure.step("保存响应数据到本地文件")
            logger.info("保存响应数据到本地文件")
            logger.info(f"HTTP状态码: {resu_response.status_code}")
            logger.info(f"响应内容长度: {len(resu_response.content)}")
            with open(output_zip_path,'wb') as f:
                f.write(resu_response.content)
                logger.info(f"响应数据已保存到: {output_zip_path}")
    
            allure.step(f"提取{file_path}的对比result结果")
            logger.info(f"提取{file_path}的对比result结果")
            with zipfile.ZipFile(output_zip_path,'r') as zip_f:
                if "result.txt" not in zip_f.namelist():
                    pytest.fail("结果ZIP包中缺少 result.txt")
                with zip_f.open('result.txt') as res:
                    content = res.read().decode('utf-8')
                    logger.info(f"result.txt内容: {content[:500]}")
                    if excepted_result in content:
                        assert True
                    else:
&gt;                       pytest.fail(f'Expected {excepted_result} not found in result.txt')
E                       Failed: Expected :consistent not found in result.txt

test_cases\test_api\test_print_api.py:197: Failed</failure></testcase><testcase classname="test_cases.test_api.test_print_api" name="test_pdf_compare[E:\\compare\\compare_json\\DYMB_001.zip-E:\\compare\\compare_pdf\\DYMB_001.zip-:consistent]" time="0.951" /><testcase classname="test_cases.test_api.test_print_api" name="test_pdf_compare[E:\\compare\\compare_json\\DYMB_002.zip-E:\\compare\\compare_pdf\\DYMB_002.zip-:inconsistent]" time="0.481" /></testsuite></testsuites>