{"name": "test_template_status", "status": "broken", "statusDetails": {"message": "selenium.common.exceptions.TimeoutException: Message: \nStacktrace:\nSymbols not available. Dumping unresolved backtrace:\n\t0x7ff64a76aa55\n\t0x7ff64a4c8630\n\t0x7ff64a25d75d\n\t0x7ff64a2b862e\n\t0x7ff64a2b893c\n\t0x7ff64a308d87\n\t0x7ff64a30591c\n\t0x7ff64a2a9098\n\t0x7ff64a2a9f83\n\t0x7ff64a797810\n\t0x7ff64a791afd\n\t0x7ff64a7b2c1a\n\t0x7ff64a4e3345\n\t0x7ff64a4eb81c\n\t0x7ff64a4d1924\n\t0x7ff64a4d1ad6\n\t0x7ff64a4b7e47\n\t0x7fff8a09259d\n\t0x7fff8c06af78", "trace": "driver = <selenium.webdriver.chrome.webdriver.WebDriver (session=\"2a8d0c54dd4ecb860a8ae2b1e96f1dab\")>\n\n    @pytest.fixture(scope=\"session\")\n    def login(driver):\n        driver.get(\"https://c2.yonyoucloud.com\")\n        driver.maximize_window()\n        # 处理隐私弹窗\n        handle_notification_popup(driver)\n        # 如果页面有遮罩（例如 workbench-overlay），先等待它消失\n        try:\n            WebDriverWait(driver, 20).until(\n                EC.invisibility_of_element_located((By.CSS_SELECTOR, \".workbench-overlay\"))\n            )\n        except TimeoutException:\n            # 遮罩可能根本不存在或者超时，不影响后续流程\n            print(\"页面遮罩未消失或不存在，继续后续操作\")\n    \n        # 切换到登录frame\n        WebDriverWait(driver, 20).until(\n            EC.frame_to_be_available_and_switch_to_it((By.ID, 'yonbip_login_id'))\n        )\n        # 切换到登录frame\n>       WebDriverWait(driver, 20).until(\n            EC.frame_to_be_available_and_switch_to_it((By.ID, 'yonbip_login_id'))\n        )\n\nconftest.py:63: \n_ _ _ _ _ _ _ _ _ _ _ _ _ _ _ _ _ _ _ _ _ _ _ _ _ _ _ _ _ _ _ _ _ _ _ _ _ _ _ _\n\nself = <selenium.webdriver.support.wait.WebDriverWait (session=\"2a8d0c54dd4ecb860a8ae2b1e96f1dab\")>\nmethod = <function frame_to_be_available_and_switch_to_it.<locals>._predicate at 0x0000023399993550>\nmessage = ''\n\n    def until(self, method: Callable[[D], Union[Literal[False], T]], message: str = \"\") -> T:\n        \"\"\"Calls the method provided with the driver as an argument until the \\\n        return value does not evaluate to ``False``.\n    \n        :param method: callable(WebDriver)\n        :param message: optional message for :exc:`TimeoutException`\n        :returns: the result of the last call to `method`\n        :raises: :exc:`selenium.common.exceptions.TimeoutException` if timeout occurs\n        \"\"\"\n        screen = None\n        stacktrace = None\n    \n        end_time = time.monotonic() + self._timeout\n        while True:\n            try:\n                value = method(self._driver)\n                if value:\n                    return value\n            except self._ignored_exceptions as exc:\n                screen = getattr(exc, \"screen\", None)\n                stacktrace = getattr(exc, \"stacktrace\", None)\n            if time.monotonic() > end_time:\n                break\n            time.sleep(self._poll)\n>       raise TimeoutException(message, screen, stacktrace)\nE       selenium.common.exceptions.TimeoutException: Message: \nE       Stacktrace:\nE       Symbols not available. Dumping unresolved backtrace:\nE       \t0x7ff64a76aa55\nE       \t0x7ff64a4c8630\nE       \t0x7ff64a25d75d\nE       \t0x7ff64a2b862e\nE       \t0x7ff64a2b893c\nE       \t0x7ff64a308d87\nE       \t0x7ff64a30591c\nE       \t0x7ff64a2a9098\nE       \t0x7ff64a2a9f83\nE       \t0x7ff64a797810\nE       \t0x7ff64a791afd\nE       \t0x7ff64a7b2c1a\nE       \t0x7ff64a4e3345\nE       \t0x7ff64a4eb81c\nE       \t0x7ff64a4d1924\nE       \t0x7ff64a4d1ad6\nE       \t0x7ff64a4b7e47\nE       \t0x7fff8a09259d\nE       \t0x7fff8c06af78\n\nC:\\Users\\caopanpan\\AppData\\Local\\Programs\\Python\\Python38\\lib\\site-packages\\selenium\\webdriver\\support\\wait.py:105: TimeoutException"}, "description": "\n    这条用例用于检查打印模板的复制-启停-默认设置-删除\n    ", "start": 1772428396800, "stop": 1772428396800, "uuid": "6c951060-a6bf-4675-b7e9-db0e098b67f5", "historyId": "e74d00b369dd61b260418ba892092bb4", "testCaseId": "97eb15a7df02530ccc5d30a473ddb5d5", "fullName": "test_cases.test_ui.test_ui_template_list#test_template_status", "labels": [{"name": "story", "value": "模板状态检查"}, {"name": "epic", "value": "UI自动化"}, {"name": "feature", "value": "打印模板"}, {"name": "parentSuite", "value": "test_cases.test_ui"}, {"name": "suite", "value": "test_ui_template_list"}, {"name": "host", "value": "LAPTOP-AKAH6LMA"}, {"name": "thread", "value": "15816-MainThread"}, {"name": "framework", "value": "pytest"}, {"name": "language", "value": "cpython3"}, {"name": "package", "value": "test_cases.test_ui.test_ui_template_list"}]}